/usr/local/MATLAB/R2011a/bin/matlab: 1: /usr/local/MATLAB/R2011a/bin/util/oscheck.sh: /lib64/libc.so.6: not found

                            < M A T L A B (R) >
                  Copyright 1984-2010 The MathWorks, Inc.
                Version 7.12.0.635 (R2011a) 64-bit (glnxa64)
                               March 18, 2011

 
  To get started, type one of these: helpwin, helpdesk, or demo.
  For product information, visit www.mathworks.com.
 
>> /usr/local/MATLAB/R2011a/bin/matlab: 1: /usr/local/MATLAB/R2011a/bin/util/oscheck.sh: /lib64/libc.so.6: not found

                            < M A T L A B (R) >
                  Copyright 1984-2010 The MathWorks, Inc.
                Version 7.12.0.635 (R2011a) 64-bit (glnxa64)
                               March 18, 2011

 
  To get started, type one of these: helpwin, helpdesk, or demo.
  For product information, visit www.mathworks.com.
 

seeds =

     []


ans =

/home/swadhin/Landmark/landmarkerGSoC/Server/www/data/446//SensoSaur_10.23.53.04_8.txt


ans =

/home/swadhin/Landmark/landmarkerGSoC/Server/www/data/446//SensoSaur_10.23.53.04_0.txt


ans =

/home/swadhin/Landmark/landmarkerGSoC/Server/www/data/446//SensoSaur_10.23.53.04_1.txt


ans =

/home/swadhin/Landmark/landmarkerGSoC/Server/www/data/446//SensoSaur_10.23.53.04_10.txt


ans =

/home/swadhin/Landmark/landmarkerGSoC/Server/www/data/446//SensoSaur_10.23.53.04_11.txt


ans =

/home/swadhin/Landmark/landmarkerGSoC/Server/www/data/446//SensoSaur_10.23.53.04_2.txt


ans =

/home/swadhin/Landmark/landmarkerGSoC/Server/www/data/446//SensoSaur_10.23.53.04_7.txt


ans =

/home/swadhin/Landmark/landmarkerGSoC/Server/www/data/446//SensoSaur_10.23.53.04_8.txt


ans =

/home/swadhin/Landmark/landmarkerGSoC/Server/www/data/446//SensoSaur_10.23.53.04_9.txt


ans =

   2.9090e+14


ans =

        3093           3


ans =

     []

OLM of 1  3  4 added at (-4.677747,0.065960)

OLM of 1  3  4 updated at (-6.196748,0.253591)

OLM of 2  4 updated at (-5.804563,0.184342)

2  4  5
2  4
2  4
OLM of 1  3  4 updated at (-8.977202,0.728869)

OLM of 2  3  7 added at (-8.056196,0.578427)

1  3  4
OLM of 1  3  4 updated at (-11.289394,1.104719)

OLM of 1  2  3 updated at (-13.262243,1.310888)

OLM of 2  3  8 updated at (-13.262243,1.310888)

OLM of 1  3  4 updated at (-13.298365,1.317839)

OLM of 3  4  7 added at (-14.463991,1.641967)

1  3  4
OLM of 3  4  8 added at (-14.475037,1.645243)

OLM of 2  4 updated at (-14.507063,1.654958)

OLM of 2  3 updated at (-14.545414,1.666441)

OLM of 2  3  7 updated at (-14.626542,1.691225)

2  3  5
OLM of 2  3  4 updated at (-15.925072,2.100269)

1  3  4
3  4  7
3  4  8
2  3
2  4
2  3  5
2  3  7
2  3  4
OLM of 1  2  3 updated at (-19.830440,3.080919)

OLM of 2  3  8 updated at (-19.830440,3.080919)

OLM of 1  3  4 updated at (-19.803887,3.082134)

OLM of 1  3  4 updated at (-21.656121,3.005753)


commentFile =

/home/swadhin/Landmark/landmarkerGSoC/Server/www/data/446//Comments.txt


comments = 

    [2.9090e+14]    [3.5000]    'corridor'
    [2.9091e+14]    [3.5000]    'wing'    


ans =

     0

{??? Index exceeds matrix dimensions.

Error in ==> cursor.subsref at 65
  eval(tmpcomm)

Error in ==> annotateComments at 54
	v = curs1.Data(1,2);

Error in ==> parsedata at 43
annotateComments(file,conn,dataid);
} 
>> 