
                            < M A T L A B (R) >
                  Copyright 1984-2012 The MathWorks, Inc.
                    R2012b (8.0.0.783) 64-bit (glnxa64)
                              August 22, 2012

 
To get started, type one of these: helpwin, helpdesk, or demo.
For product information, visit www.mathworks.com.
 
 
curs =
 
        Attributes: []
              Data: 0
    DatabaseObject: [1x1 database]
          RowLimit: 0
          SQLQuery: [1x59 char]
           Message: []
              Type: 'Database Cursor Object'
         ResultSet: [1x1 org.postgresql.jdbc4.Jdbc4ResultSet]
            Cursor: [1x1 com.mathworks.toolbox.database.sqlExec]
         Statement: [1x1 org.postgresql.jdbc4.Jdbc4Statement]
             Fetch: 0


seeds =

   1.0e+12 *

    5.1027         0    0.0000         0
    5.1092         0    0.0000         0
    5.1159         0    0.0000         0
    5.1222         0    0.0000         0


ans =

/var/www/data/413//SensoSaur_29.09.09.31_8.txt


ans =

/var/www/data/413//SensoSaur_29.09.09.31_0.txt


ans =

/var/www/data/413//SensoSaur_29.09.09.31_1.txt


ans =

/var/www/data/413//SensoSaur_29.09.09.31_10.txt


ans =

/var/www/data/413//SensoSaur_29.09.09.31_11.txt


ans =

/var/www/data/413//SensoSaur_29.09.09.31_2.txt


ans =

/var/www/data/413//SensoSaur_29.09.09.31_7.txt


ans =

/var/www/data/413//SensoSaur_29.09.09.31_8.txt


ans =

/var/www/data/413//SensoSaur_29.09.09.31_9.txt


ans =

   1.0895e+13


ans =

        1829           3


ans =

     []

OLM of 2  3 added at (-1.049800,-0.011982)

OLM of 2  4 updated at (-1.026950,-0.011572)

OLM of 2  8 added at (-0.503512,-0.005703)

OLM of 3  4 added at (-0.997125,-0.011517)

OLM of 3  5 added at (-0.843119,-0.009814)

OLM of 3  7 added at (-0.995720,-0.011536)

OLM of 3  8 added at (-1.003566,-0.011629)

OLM of 4  5 added at (-0.719394,-0.008444)

OLM of 4  7 updated at (-0.973528,-0.011194)

OLM of 4  8 added at (-0.992584,-0.011469)

OLM of 5  8 added at (-0.837696,-0.009759)

OLM of 1  3  4 added at (-0.995826,-0.011517)

OLM of 1  3  8 added at (-0.998670,-0.011571)

OLM of 1  4  8 added at (-0.990778,-0.011457)

OLM of 3  4  8 added at (-0.995826,-0.011517)

OLM of 3  6  7 added at (-1.239923,-0.014827)

OLM of 4  5  7 added at (-0.524159,-0.005925)

OLM of 2  8 updated at (-0.437447,-0.004990)

OLM of 5  7 added at (-1.377602,-0.015948)

2  8
4  5  7
2  8
4  5
OLM of 4  7 updated at (-1.433585,-0.016902)

OLM of 5  7 updated at (-1.476264,-0.017019)

4  5
2  4
2  8
OLM of 4  5 updated at (-1.392971,-0.016628)

OLM of 3  4 updated at (-1.435538,-0.016915)

OLM of 4  8 updated at (-1.435928,-0.016917)

OLM of 1  4  8 updated at (-1.437491,-0.016928)

OLM of 1  3  4 updated at (-1.438272,-0.016933)

OLM of 3  4  8 updated at (-1.438662,-0.016936)

OLM of 1  3  8 updated at (-1.443348,-0.016967)

OLM of 6  8 added at (-1.447962,-0.016998)

2  8
OLM of 3  8 updated at (-1.444129,-0.016972)

OLM of 4  5  8 added at (-1.443348,-0.016967)

OLM of 5  7  8 added at (-1.460319,-0.017081)

2  3
OLM of 3  7 updated at (-1.462380,-0.017095)

5  8
OLM of 3  5 updated at (-1.445301,-0.016980)

OLM of 2  4  5 added at (-1.465707,-0.017118)

OLM of 3  6 added at (-1.449520,-0.017009)

2  4
2  8
4  5
OLM of 2  8 updated at (-1.423822,-0.016836)

2  4
OLM of 4  5 updated at (-1.494351,-0.017310)

2  4
3  4
4  8
4  7
1  3  4
1  4  8
3  4  8
4  5  8
3  5
OLM of 5  8 updated at (-1.560505,-0.017756)

3  8
1  3  8
6  8
3  6
4  5
OLM of 2  3 updated at (-1.568316,-0.017808)

2  8
2  4  5
3  7
5  7  8
OLM of 4  5 updated at (-1.574955,-0.017853)

OLM of 2  8 updated at (1.969538,0.022831)

4  5  7
2  3
OLM of 2  4 updated at (2.052018,0.023769)

3  4
3  7
3  8
4  8
1  3  4
1  3  8
1  4  8
3  4  8
4  5
4  7
3  5
5  8
OLM of 3  6  7 updated at (3.090410,0.035569)

OLM of 4  5  7 updated at (3.179234,0.036578)

OLM of 4  5 updated at (3.371685,0.038765)

OLM of 5  7 updated at (3.426671,0.039390)


commentFile =

/var/www/data/413//Comments.txt


comments = 

     {}

>> 