
                            < M A T L A B (R) >
                  Copyright 1984-2012 The MathWorks, Inc.
                    R2012b (8.0.0.783) 64-bit (glnxa64)
                              August 22, 2012

 
To get started, type one of these: helpwin, helpdesk, or demo.
For product information, visit www.mathworks.com.
 
 
curs =
 
        Attributes: []
              Data: 0
    DatabaseObject: [1x1 database]
          RowLimit: 0
          SQLQuery: [1x59 char]
           Message: []
              Type: 'Database Cursor Object'
         ResultSet: [1x1 org.postgresql.jdbc4.Jdbc4ResultSet]
            Cursor: [1x1 com.mathworks.toolbox.database.sqlExec]
         Statement: [1x1 org.postgresql.jdbc4.Jdbc4Statement]
             Fetch: 0


string =

/var/www/data/394//clusters_1.csv


string =

/var/www/data/394//clusters_3.csv


string =

/var/www/data/394//clusters_7.csv


ans =

/var/www/data/394//SensoSaur_27.10.55.50_8.txt


ans =

/var/www/data/394//SensoSaur_27.10.55.50_0.txt


ans =

/var/www/data/394//SensoSaur_27.10.55.50_1.txt


ans =

/var/www/data/394//SensoSaur_27.10.55.50_10.txt


ans =

/var/www/data/394//SensoSaur_27.10.55.50_11.txt


ans =

/var/www/data/394//SensoSaur_27.10.55.50_2.txt


ans =

/var/www/data/394//SensoSaur_27.10.55.50_7.txt


ans =

/var/www/data/394//SensoSaur_27.10.55.50_8.txt


ans =

/var/www/data/394//SensoSaur_27.10.55.50_9.txt


ans =

   8.0975e+13


ans =

        4284           3


ans =

     []

4  8
3  4  8
3  4  8
4  8
3  4
5  8
3  4  5
3  8
3  5
5  8
1  3  8
3  4  5
1  2  4
1  4  5
3  4  8
4  5  8
4  8
1  4  8
3  4
3  4  8
1  3  4

commentFile =

/var/www/data/394//Comments.txt

>> 