
                            < M A T L A B (R) >
                  Copyright 1984-2012 The MathWorks, Inc.
                    R2012b (8.0.0.783) 64-bit (glnxa64)
                              August 22, 2012

 
To get started, type one of these: helpwin, helpdesk, or demo.
For product information, visit www.mathworks.com.
 

ans =

/home/ananthbalashankar/landmarkerGSoC/Server/www/data/494//SensoSaur_22.16.42.05_8.txt


ans =

/home/ananthbalashankar/landmarkerGSoC/Server/www/data/494//SensoSaur_22.16.42.05_0.txt


ans =

/home/ananthbalashankar/landmarkerGSoC/Server/www/data/494//SensoSaur_22.16.42.05_1.txt


ans =

/home/ananthbalashankar/landmarkerGSoC/Server/www/data/494//SensoSaur_22.16.42.05_10.txt


ans =

/home/ananthbalashankar/landmarkerGSoC/Server/www/data/494//SensoSaur_22.16.42.05_11.txt


ans =

/home/ananthbalashankar/landmarkerGSoC/Server/www/data/494//SensoSaur_22.16.42.05_2.txt


ans =

/home/ananthbalashankar/landmarkerGSoC/Server/www/data/494//SensoSaur_22.16.42.05_7.txt


ans =

/home/ananthbalashankar/landmarkerGSoC/Server/www/data/494//SensoSaur_22.16.42.05_8.txt


ans =

/home/ananthbalashankar/landmarkerGSoC/Server/www/data/494//SensoSaur_22.16.42.05_9.txt


ans =

   5.2116e+14


ans =

        1637           3


ans =

     []

2  4

query =

update landmark set centroidx=-1.722904 ,centroidy=0.032695,numofpoints=78,confidence=2 where id=1670

OLM of 2  7 updated at (-1.980104,-0.015069)

2  8

query =

update landmark set centroidx=-0.233014 ,centroidy=0.024087,numofpoints=89,confidence=2 where id=1628

OLM of 3  4 updated at (-1.100244,-0.003941)

4  8

query =

update landmark set centroidx=-0.470420 ,centroidy=-0.035507,numofpoints=48,confidence=2 where id=1580

OLM of 1  2  4 updated at (-1.080762,-0.004256)

OLM of 2  3  4 updated at (-1.775781,-0.010608)

OLM of 2  4  5 added at (-1.984496,-0.015222)

OLM of 2  4  8 added at (-1.080762,-0.004256)

OLM of 3  4  5 updated at (-0.826964,-0.001780)

OLM of 3  4  7 added at (-0.808944,-0.001695)

2  4

query =

update landmark set centroidx=-0.997532 ,centroidy=0.037436,numofpoints=143,confidence=3 where id=1670

OLM of 2  4  7 added at (-2.542993,-0.026030)

4  8

query =

update landmark set centroidx=-0.139082 ,centroidy=0.006241,numofpoints=44,confidence=3 where id=1580

OLM of 3  4  7 updated at (-2.663230,-0.057742)

OLM of 3  4  5 updated at (-2.672890,-0.061898)

OLM of 2  3 updated at (-2.815778,-0.081661)

OLM of 2  5  8 added at (-2.905673,-0.081967)

OLM of 3  5  8 updated at (-2.985701,-0.093757)

OLM of 2  8 updated at (-2.888157,-0.075675)

1  2  4

query =

update landmark set centroidx=-1.050691 ,centroidy=0.004177,numofpoints=151,confidence=3 where id=1635

OLM of 1  3  8 updated at (-3.203659,-0.133071)

2  4  8

query =

update landmark set centroidx=0.377462 ,centroidy=0.048924,numofpoints=150,confidence=2 where id=1687

OLM of 4  8 updated at (-3.024505,-0.099141)

OLM of 1  5  8 updated at (-3.166406,-0.128257)

OLM of 3  4 updated at (-3.253338,-0.128357)

OLM of 3  4  7 updated at (-3.266566,-0.124690)

OLM of 2  3  4 updated at (-3.064589,-0.075499)

OLM of 3  4  5 updated at (-3.313411,-0.135648)

4  8

query =

update landmark set centroidx=0.876830 ,centroidy=-0.064339,numofpoints=66,confidence=2 where id=1698

2  3  4

query =

update landmark set centroidx=3.065448 ,centroidy=-0.007255,numofpoints=33,confidence=2 where id=1702

OLM of 2  5  8 updated at (-6.634162,-0.640878)

OLM of 2  4  7 updated at (-8.098928,-0.866975)

OLM of 2  4 updated at (-7.674851,-0.799267)

OLM of 3  4  7 updated at (-8.555425,-0.916102)

OLM of 4  7  8 added at (-8.546154,-0.987397)

4  8

query =

update landmark set centroidx=2.259808 ,centroidy=-0.193497,numofpoints=34,confidence=2 where id=1588

OLM of 1  4  7 added at (-8.526862,-0.960255)

OLM of 2  8 updated at (-8.474672,-0.897519)

OLM of 1  2  4 updated at (-8.474672,-0.897519)

OLM of 2  4  8 updated at (-8.474672,-0.897519)

OLM of 4  5 updated at (-8.664543,-1.145885)

OLM of 3  4  5 updated at (-8.661658,-0.991512)

OLM of 2  3  4 updated at (-8.601326,-0.927183)

OLM of 3  4 updated at (-8.595777,-0.924173)

OLM of 4  5 updated at (-8.684555,-0.972337)

4  5

query =

update landmark set centroidx=6.698258 ,centroidy=-0.347944,numofpoints=9,confidence=2 where id=1717

4  5

query =

update landmark set centroidx=14.329848 ,centroidy=-0.113351,numofpoints=17,confidence=2 where id=1713

OLM of 4  5 updated at (-8.922094,-1.221618)

OLM of 4  8 updated at (-8.901245,-1.276238)


commentFile =

/home/ananthbalashankar/landmarkerGSoC/Server/www/data/494//Comments.txt


comments = 

     {}

>> 