/usr/local/MATLAB/R2011a/bin/matlab: 1: /usr/local/MATLAB/R2011a/bin/util/oscheck.sh: /lib64/libc.so.6: not found

                            < M A T L A B (R) >
                  Copyright 1984-2010 The MathWorks, Inc.
                Version 7.12.0.635 (R2011a) 64-bit (glnxa64)
                               March 18, 2011

 
  To get started, type one of these: helpwin, helpdesk, or demo.
  For product information, visit www.mathworks.com.
 
>> /usr/local/MATLAB/R2011a/bin/matlab: 1: /usr/local/MATLAB/R2011a/bin/util/oscheck.sh: /lib64/libc.so.6: not found

                            < M A T L A B (R) >
                  Copyright 1984-2010 The MathWorks, Inc.
                Version 7.12.0.635 (R2011a) 64-bit (glnxa64)
                               March 18, 2011

 
  To get started, type one of these: helpwin, helpdesk, or demo.
  For product information, visit www.mathworks.com.
 

seeds =

     []


ans =

/home/swadhin/Landmark/landmarkerGSoC/Server/www/data/450//SensoSaur_15.16.14.43_8.txt


ans =

/home/swadhin/Landmark/landmarkerGSoC/Server/www/data/450//SensoSaur_15.16.14.43_0.txt


ans =

/home/swadhin/Landmark/landmarkerGSoC/Server/www/data/450//SensoSaur_15.16.14.43_1.txt


ans =

/home/swadhin/Landmark/landmarkerGSoC/Server/www/data/450//SensoSaur_15.16.14.43_10.txt


ans =

/home/swadhin/Landmark/landmarkerGSoC/Server/www/data/450//SensoSaur_15.16.14.43_11.txt


ans =

/home/swadhin/Landmark/landmarkerGSoC/Server/www/data/450//SensoSaur_15.16.14.43_2.txt


ans =

/home/swadhin/Landmark/landmarkerGSoC/Server/www/data/450//SensoSaur_15.16.14.43_7.txt


ans =

/home/swadhin/Landmark/landmarkerGSoC/Server/www/data/450//SensoSaur_15.16.14.43_8.txt


ans =

/home/swadhin/Landmark/landmarkerGSoC/Server/www/data/450//SensoSaur_15.16.14.43_9.txt


ans =

   1.8975e+13


ans =

        2824           3


ans =

     []

OLM of 2  3 updated at (-1.197347,-0.057683)

OLM of 2  4 updated at (-1.197347,-0.057683)

OLM of 2  5 updated at (-1.197347,-0.057683)

OLM of 2  7 updated at (-1.197347,-0.057683)

OLM of 2  8 updated at (-1.208365,-0.058301)

OLM of 3  4 updated at (-1.208365,-0.058301)

3  5
3  7
OLM of 3  8 updated at (-1.208365,-0.058301)

OLM of 4  5 updated at (-1.197347,-0.057683)

OLM of 4  7 updated at (-1.208365,-0.058301)

OLM of 4  8 updated at (-1.208365,-0.058301)

OLM of 5  8 updated at (-1.208365,-0.058301)

OLM of 6  8 added at (-0.953363,-0.044101)

7  8
OLM of 1  2  3 updated at (-1.197347,-0.057683)

OLM of 1  2  4 updated at (-1.197347,-0.057683)

OLM of 1  2  5 updated at (-1.208365,-0.058301)

OLM of 1  2  7 added at (-1.197347,-0.057683)

OLM of 1  2  8 updated at (-1.219709,-0.058938)

OLM of 1  3  4 updated at (-1.208365,-0.058301)

OLM of 1  3  5 updated at (-1.197347,-0.057683)

OLM of 1  3  7 added at (-1.208365,-0.058301)

OLM of 1  3  8 updated at (-1.219709,-0.058938)

OLM of 1  4  5 updated at (-1.197347,-0.057683)

OLM of 1  4  7 added at (-1.208365,-0.058301)

OLM of 1  4  8 updated at (-1.219709,-0.058938)

OLM of 1  5  7 added at (-1.197347,-0.057683)

OLM of 1  5  8 updated at (-1.208365,-0.058301)

OLM of 1  7  8 updated at (-1.208365,-0.058301)

2  3  4
2  3  5
OLM of 2  3  7 updated at (-1.197347,-0.057683)

OLM of 2  3  8 updated at (-1.197347,-0.057683)

OLM of 2  4  5 updated at (-1.197347,-0.057683)

OLM of 2  4  7 updated at (-1.197347,-0.057683)

2  4  8
OLM of 2  5  7 added at (-1.207467,-0.058248)

OLM of 2  5  8 updated at (-1.208365,-0.058301)

OLM of 2  7  8 added at (-1.197347,-0.057683)

3  4  5
OLM of 3  4  7 updated at (-1.208365,-0.058301)

OLM of 3  4  8 updated at (-1.208365,-0.058301)

OLM of 3  5  7 added at (-1.197347,-0.057683)

OLM of 3  5  8 updated at (-1.197347,-0.057683)

OLM of 3  7  8 updated at (-1.208365,-0.058301)

OLM of 4  5  7 updated at (-1.197347,-0.057683)

OLM of 4  5  8 updated at (-1.197347,-0.057683)

OLM of 4  7  8 added at (-1.208365,-0.058301)

OLM of 5  7  8 added at (-1.197347,-0.057683)

OLM of 6  8 updated at (-1.098369,-0.052189)

2  5  7
OLM of 6  8 updated at (-1.183601,-0.056891)

2  3  5
6  8
OLM of 5  7 added at (-4.739239,-0.264347)

6  8
2  3
2  4
2  5
2  7
3  5
4  5
1  2  3
1  2  4
1  2  7
1  3  5
1  4  5
1  5  7
2  3  4
2  3  7
2  3  8
2  4  5
2  4  7
OLM of 2  4  8 updated at (-4.856193,-0.274712)

OLM of 2  5  7 updated at (-4.758875,-0.269080)

2  7  8
3  4  5
3  5  7
3  5  8
4  5  7
4  5  8
5  7  8
2  8
3  4
3  7
3  8
4  7
4  8
5  8
7  8
1  2  5
1  3  4
1  3  7
1  4  7
1  5  8
1  7  8
2  5  8
3  4  7
3  4  8
3  7  8
4  7  8
1  2  8
1  3  8
1  4  8
OLM of 2  3  5 updated at (-4.730119,-0.265886)

2  5  7
OLM of 6  8 updated at (-4.561399,-0.253029)

OLM of 6  8 updated at (-5.248652,-0.300377)

2  3  5
6  8

commentFile =

/home/swadhin/Landmark/landmarkerGSoC/Server/www/data/450//Comments.txt


comments = 

     {}

>> 