[?1h=
                                                                        < M A T L A B (R) >
                                                              Copyright 1984-2012 The MathWorks, Inc.
                                                                R2012b (8.0.0.783) 64-bit (glnxa64)
                                                                          August 22, 2012

 
To get started, type one of these: helpwin, helpdesk, or demo.
For product information, visit www.mathworks.com.
 
 
curs =
 
        Attributes: []
              Data: 0
    DatabaseObject: [1x1 database]
          RowLimit: 0
          SQLQuery: 'select dataid from sample where folder='data/390/''
           Message: []
              Type: 'Database Cursor Object'
         ResultSet: [1x1 org.postgresql.jdbc4.Jdbc4ResultSet]
            Cursor: [1x1 com.mathworks.toolbox.database.sqlExec]
         Statement: [1x1 org.postgresql.jdbc4.Jdbc4Statement]
             Fetch: 0

[?1h=
string =

data/390//clusters_1.csv

>> 
>> 