/usr/local/MATLAB/R2011a/bin/matlab: 1: /usr/local/MATLAB/R2011a/bin/util/oscheck.sh: /lib64/libc.so.6: not found

                            < M A T L A B (R) >
                  Copyright 1984-2010 The MathWorks, Inc.
                Version 7.12.0.635 (R2011a) 64-bit (glnxa64)
                               March 18, 2011

 
  To get started, type one of these: helpwin, helpdesk, or demo.
  For product information, visit www.mathworks.com.
 
>> /usr/local/MATLAB/R2011a/bin/matlab: 1: /usr/local/MATLAB/R2011a/bin/util/oscheck.sh: /lib64/libc.so.6: not found

                            < M A T L A B (R) >
                  Copyright 1984-2010 The MathWorks, Inc.
                Version 7.12.0.635 (R2011a) 64-bit (glnxa64)
                               March 18, 2011

 
  To get started, type one of these: helpwin, helpdesk, or demo.
  For product information, visit www.mathworks.com.
 

seeds =

   -0.5866   -0.0210    2.0000
   -1.8702   -0.1636    2.0000
   -3.8118   -0.4803         0
   -4.3872    1.2404    2.0000
   -4.8614    2.6610         0
   -2.7378    3.4876    2.0000
    1.2363    4.6080         0
    1.4084    2.3637    2.0000
    1.3092   -0.0457         0


ans =

/home/swadhin/Landmark/landmarkerGSoC/Server/www/data/478//SensoSaur_19.13.19.14_8.txt


ans =

/home/swadhin/Landmark/landmarkerGSoC/Server/www/data/478//SensoSaur_19.13.19.14_0.txt


ans =

/home/swadhin/Landmark/landmarkerGSoC/Server/www/data/478//SensoSaur_19.13.19.14_1.txt


ans =

/home/swadhin/Landmark/landmarkerGSoC/Server/www/data/478//SensoSaur_19.13.19.14_10.txt


ans =

/home/swadhin/Landmark/landmarkerGSoC/Server/www/data/478//SensoSaur_19.13.19.14_11.txt


ans =

/home/swadhin/Landmark/landmarkerGSoC/Server/www/data/478//SensoSaur_19.13.19.14_2.txt


ans =

/home/swadhin/Landmark/landmarkerGSoC/Server/www/data/478//SensoSaur_19.13.19.14_7.txt


ans =

/home/swadhin/Landmark/landmarkerGSoC/Server/www/data/478//SensoSaur_19.13.19.14_8.txt


ans =

/home/swadhin/Landmark/landmarkerGSoC/Server/www/data/478//SensoSaur_19.13.19.14_9.txt


ans =

   3.1245e+14


ans =

   185     3


ans =

     []

Removing data
Removing data
OLM of 2 added at (0.344841,-0.059872)

OLM of 3 added at (0.344841,-0.059872)

OLM of 4 added at (0.344841,-0.059872)

OLM of 5 added at (0.344840,-0.059872)

OLM of 6 added at (0.344840,-0.059872)

OLM of 7 added at (0.344841,-0.059872)

OLM of 9 added at (0.344841,-0.059872)

OLM of 10 added at (0.344841,-0.059872)

OLM of 11 added at (0.344841,-0.059872)

OLM of 13 added at (0.344840,-0.059872)

OLM of 14 added at (0.344841,-0.059872)

OLM of 16 added at (0.344841,-0.059872)

OLM of 17 added at (0.344841,-0.059872)

OLM of 18 added at (0.344841,-0.059872)

OLM of 19 added at (0.344841,-0.059872)

OLM of 20 added at (0.344841,-0.059872)

OLM of 21 added at (0.344840,-0.059872)

OLM of 22 added at (0.344841,-0.059872)

OLM of 1  2 added at (0.344840,-0.059872)

OLM of 1  5 added at (0.344841,-0.059872)

OLM of 1  7 added at (0.344841,-0.059872)

OLM of 1  8 added at (0.344840,-0.059872)

OLM of 2  3 added at (0.344841,-0.059872)

OLM of 2  4 added at (0.344841,-0.059872)

OLM of 2  8 added at (0.344840,-0.059872)

OLM of 3  4 added at (0.344841,-0.059872)

OLM of 3  5 added at (0.344841,-0.059872)

OLM of 4  5 added at (0.344841,-0.059872)

OLM of 4  7 added at (0.344841,-0.059872)

OLM of 5  7 added at (0.344840,-0.059872)

OLM of 5  8 added at (0.344841,-0.059872)

OLM of 6  7 added at (0.344840,-0.059872)

OLM of 1  3  7 added at (0.344840,-0.059872)

OLM of 1  5  7 added at (0.344841,-0.059872)

OLM of 1  6  7 added at (0.344840,-0.059872)

OLM of 1  7  8 added at (0.344840,-0.059872)

OLM of 2  3  4 added at (0.344841,-0.059872)

OLM of 2  3  6 added at (0.344840,-0.059872)

OLM of 2  4  5 added at (0.344841,-0.059872)

OLM of 2  4  7 added at (0.344841,-0.059872)

OLM of 2  4  8 added at (0.344840,-0.059872)

OLM of 2  5  7 added at (0.344841,-0.059872)

OLM of 2  7  8 added at (0.344840,-0.059872)

OLM of 3  4  5 added at (0.344841,-0.059872)

OLM of 3  4  7 added at (0.344841,-0.059872)

OLM of 4  5  7 added at (0.344841,-0.059872)

OLM of 4  6  7 added at (0.344840,-0.059872)

OLM of 5  6  7 added at (0.344840,-0.059872)

OLM of 1  3  7 updated at (0.344841,-0.059872)

OLM of 1  5  8 added at (0.344841,-0.059872)

OLM of 1  7  8 updated at (0.344841,-0.059872)

OLM of 6 updated at (0.344841,-0.059872)

OLM of 16 updated at (0.344841,-0.059872)

OLM of 1  8 updated at (0.344841,-0.059872)

OLM of 21 updated at (0.344841,-0.059872)

OLM of 2  3  6 updated at (0.344841,-0.059872)

OLM of 13 updated at (0.344841,-0.059872)

OLM of 2  8 updated at (0.344841,-0.059872)

OLM of 2  7  8 updated at (0.344841,-0.059872)

OLM of 5 updated at (0.344841,-0.059872)

OLM of 21 updated at (0.344841,-0.059872)

OLM of 1  2 updated at (0.344841,-0.059872)

OLM of 6  7 updated at (0.344841,-0.059872)

OLM of 2  4  8 updated at (0.344841,-0.059872)

OLM of 5  7 updated at (0.344841,-0.059872)

OLM of 6 updated at (0.344841,-0.059872)

OLM of 2  6 added at (0.344841,-0.059872)

OLM of 7  8 added at (0.344841,-0.059872)

OLM of 2  3  6 updated at (0.344841,-0.059872)

OLM of 2  3 updated at (0.344841,-0.059872)

OLM of 2  4 updated at (0.344841,-0.059872)

OLM of 3  4 updated at (0.344841,-0.059872)

OLM of 3  5 updated at (0.344841,-0.059872)

OLM of 4  5 updated at (0.344841,-0.059872)

OLM of 2  3  4 updated at (0.344841,-0.059872)

OLM of 2  4  5 updated at (0.344841,-0.059872)

OLM of 2  4  7 updated at (0.344841,-0.059872)

OLM of 3  4  5 updated at (0.344841,-0.059872)

OLM of 3  4  7 updated at (0.344841,-0.059872)

OLM of 4  5  7 updated at (0.344841,-0.059872)

OLM of 2 updated at (0.344841,-0.059872)

OLM of 9 updated at (0.344841,-0.059872)

OLM of 13 updated at (0.344841,-0.059872)

OLM of 2  5  7 updated at (0.344841,-0.059872)

OLM of 5  7 updated at (0.344841,-0.059872)

OLM of 5 updated at (0.344841,-0.059872)

OLM of 6 updated at (0.344841,-0.059872)

OLM of 5  8 updated at (0.344841,-0.059872)

OLM of 2  7  8 updated at (0.344841,-0.059872)

OLM of 5  6  7 updated at (0.344841,-0.059872)

OLM of 1  5 updated at (0.344841,-0.059872)

OLM of 1  8 updated at (0.344841,-0.059872)

OLM of 2  8 updated at (0.344841,-0.059872)

OLM of 1  7  8 updated at (0.344841,-0.059872)

OLM of 1  2 updated at (0.344841,-0.059872)

OLM of 16 updated at (0.344841,-0.059872)

OLM of 2  6 updated at (0.344841,-0.059872)

OLM of 2  3  6 updated at (0.344841,-0.059872)

OLM of 5  6  7 updated at (0.344841,-0.059872)

OLM of 10 updated at (0.344841,-0.059872)

OLM of 14 updated at (0.344841,-0.059872)

OLM of 21 updated at (0.344841,-0.059872)

OLM of 1  2 updated at (0.344841,-0.059872)

OLM of 2  8 updated at (0.344841,-0.059872)

OLM of 2  7  8 updated at (0.344841,-0.059872)

OLM of 1  5 updated at (0.344841,-0.059872)

OLM of 5  8 updated at (0.344841,-0.059872)

OLM of 3 updated at (0.344841,-0.059872)

OLM of 11 updated at (0.344841,-0.059872)

OLM of 4 updated at (0.344841,-0.059872)

OLM of 3  4 updated at (0.344841,-0.059872)

OLM of 3  5 updated at (0.344841,-0.059872)

OLM of 4  6 added at (0.344841,-0.059872)

OLM of 2  3  4 updated at (0.344841,-0.059872)

OLM of 3  4  5 updated at (0.344841,-0.059872)

OLM of 13 updated at (0.344841,-0.059872)

OLM of 14 updated at (0.344841,-0.059872)

OLM of 18 updated at (0.344841,-0.059872)

OLM of 2  6 updated at (0.344841,-0.059872)

OLM of 2  6  8 added at (0.344841,-0.059872)

OLM of 2 updated at (0.344841,-0.059872)

OLM of 6 updated at (0.344841,-0.059872)

OLM of 9 updated at (0.344841,-0.059872)

OLM of 21 updated at (0.344841,-0.059872)

OLM of 2  7 added at (0.344841,-0.059872)

OLM of 3  7 added at (0.344841,-0.059872)

OLM of 4  7 updated at (0.344841,-0.059872)

OLM of 6  7 updated at (0.344841,-0.059872)

OLM of 1  2  7 added at (0.344841,-0.059872)

OLM of 1  6  7 updated at (0.344841,-0.059872)

OLM of 2  4  7 updated at (0.344841,-0.059872)

OLM of 3  4  7 updated at (0.344841,-0.059872)

OLM of 4  6  7 updated at (0.344841,-0.059872)

OLM of 4  7  8 added at (0.344841,-0.059872)

OLM of 5  6  7 updated at (0.344841,-0.059872)

OLM of 2  7 updated at (0.344841,-0.059872)

OLM of 1  2 updated at (0.344841,-0.059872)

OLM of 2  8 updated at (0.344841,-0.059872)

OLM of 10 updated at (0.344841,-0.059872)

OLM of 14 updated at (0.344841,-0.059872)

OLM of 3  5 updated at (0.344841,-0.059872)

OLM of 7  8 updated at (0.344841,-0.059872)

OLM of 3  4  5 updated at (0.344841,-0.059872)

OLM of 3 updated at (0.344841,-0.059872)

OLM of 6  7 updated at (0.344841,-0.059872)

OLM of 3  7 updated at (0.344841,-0.059872)

OLM of 2  5  7 updated at (0.344841,-0.059872)

OLM of 3  5  7 added at (0.344841,-0.059872)

OLM of 16 updated at (0.344841,-0.059872)

OLM of 1  5 updated at (0.344841,-0.059872)

OLM of 3  5 updated at (0.344841,-0.059872)

OLM of 5  8 updated at (0.344841,-0.059872)

OLM of 1  5  6 added at (0.344841,-0.059872)

OLM of 1  5  7 updated at (0.344841,-0.059872)

OLM of 1  5  8 updated at (0.344841,-0.059872)

OLM of 3  4  5 updated at (0.344841,-0.059872)

OLM of 5  6  8 added at (0.344841,-0.059872)

OLM of 5 updated at (0.344841,-0.059872)

OLM of 5  7 updated at (0.344841,-0.059872)

OLM of 1  7  8 updated at (0.344841,-0.059872)

OLM of 17 updated at (0.344842,-0.059872)

OLM of 22 updated at (0.344842,-0.059872)

OLM of 1  8 updated at (0.344841,-0.059872)

OLM of 1  6  7 updated at (0.344841,-0.059872)

OLM of 2  5  7 updated at (0.344841,-0.059872)

OLM of 21 updated at (0.344842,-0.059872)

OLM of 3 updated at (0.344841,-0.059872)

OLM of 18 updated at (0.344841,-0.059872)

OLM of 19 updated at (0.344842,-0.059872)

OLM of 21 updated at (0.344841,-0.059872)

OLM of 3  4 updated at (0.344841,-0.059872)

OLM of 4  7 updated at (0.344841,-0.059872)

OLM of 2  3  4 updated at (0.344841,-0.059872)

OLM of 2  6  8 updated at (0.344841,-0.059872)

OLM of 3  4  7 updated at (0.344841,-0.059872)

OLM of 7 updated at (0.344842,-0.059872)

OLM of 10 updated at (0.344842,-0.059872)

OLM of 4  6 updated at (0.344842,-0.059872)

OLM of 2  4  7 updated at (0.344842,-0.059872)

OLM of 4  6  7 updated at (0.344842,-0.059872)

OLM of 1  5  6 updated at (0.344841,-0.059872)

OLM of 1  5  8 updated at (0.344841,-0.059872)

OLM of 4 updated at (0.344842,-0.059872)

OLM of 11 updated at (0.344842,-0.059872)

OLM of 14 updated at (0.344842,-0.059872)

OLM of 16 updated at (0.344842,-0.059872)

OLM of 20 updated at (0.344842,-0.059872)

OLM of 1  5 updated at (0.344842,-0.059872)

OLM of 3  5 updated at (0.344842,-0.059872)

OLM of 5  8 updated at (0.344842,-0.059872)

OLM of 1  5  7 updated at (0.344842,-0.059872)

OLM of 3  5  7 updated at (0.344842,-0.059872)

OLM of 5  6  8 updated at (0.344842,-0.059872)

OLM of 6 updated at (0.344842,-0.059872)

OLM of 6  7 updated at (0.344841,-0.059872)

OLM of 3  4  5 updated at (0.344842,-0.059872)

OLM of 4  7  8 updated at (0.344842,-0.059872)

OLM of 2  8 updated at (0.344842,-0.059872)

OLM of 1  2  7 updated at (0.344842,-0.059872)

OLM of 18 updated at (0.344842,-0.059872)

OLM of 1  2 updated at (0.344842,-0.059872)

OLM of 1  8 updated at (0.344842,-0.059872)

OLM of 1  7  8 updated at (0.344842,-0.059872)

OLM of 1  3  7 updated at (0.344842,-0.059872)

OLM of 6 updated at (0.344842,-0.059872)

OLM of 16 updated at (0.344842,-0.059872)

OLM of 2  5  7 updated at (0.344842,-0.059872)

OLM of 5  7 updated at (0.344842,-0.059872)

OLM of 1  5  8 updated at (0.344842,-0.059872)

OLM of 3  4  7 updated at (0.344842,-0.059872)

OLM of 5 updated at (0.344842,-0.059872)

OLM of 1  5 updated at (0.344842,-0.059872)

OLM of 1  5  7 updated at (0.344842,-0.059872)

OLM of 2  3 updated at (0.344842,-0.059872)

OLM of 2  6 updated at (0.344842,-0.059872)

OLM of 4  7 updated at (0.344842,-0.059872)

OLM of 5  8 updated at (0.344842,-0.059872)

OLM of 2  3  4 updated at (0.344842,-0.059872)

OLM of 2  3  6 updated at (0.344842,-0.059872)

OLM of 3  5  6 added at (0.344842,-0.059872)

OLM of 13 updated at (0.344842,-0.059872)

OLM of 18 updated at (0.344842,-0.059872)

OLM of 3  4 updated at (0.344842,-0.059872)

OLM of 3 updated at (0.344842,-0.059872)

OLM of 3  7 updated at (0.344842,-0.059872)

OLM of 2 updated at (0.344842,-0.059872)

OLM of 6 updated at (0.344842,-0.059872)

OLM of 9 updated at (0.344842,-0.059872)

OLM of 10 updated at (0.344842,-0.059872)

OLM of 21 updated at (0.344842,-0.059872)

OLM of 2  7 updated at (0.344842,-0.059872)

OLM of 3  4  7 updated at (0.344842,-0.059872)

OLM of 2  5  7 updated at (0.344842,-0.059872)

OLM of 6  7 updated at (0.344842,-0.059872)

OLM of 21 updated at (0.344842,-0.059872)

OLM of 4  7 updated at (0.344842,-0.059872)

OLM of 13 updated at (0.344842,-0.059872)

OLM of 6 updated at (0.344842,-0.059872)

OLM of 21 updated at (0.344842,-0.059872)

OLM of 6  7 updated at (0.344842,-0.059872)

OLM of 5  6  7 updated at (0.344842,-0.059872)

OLM of 4 updated at (0.344842,-0.059872)

OLM of 1  7 updated at (0.344842,-0.059872)

OLM of 2  8 updated at (0.344842,-0.059872)

OLM of 1  3  7 updated at (0.344842,-0.059872)

OLM of 3  4  7 updated at (0.344842,-0.059872)

OLM of 11 updated at (0.344842,-0.059872)

OLM of 1  2 updated at (0.344842,-0.059872)

OLM of 1  2  7 updated at (0.344842,-0.059872)

OLM of 2  3  6 updated at (0.344842,-0.059872)

OLM of 3  5  6 updated at (0.344842,-0.059872)

OLM of 14 updated at (0.344842,-0.059872)

OLM of 1  8 updated at (0.344842,-0.059872)

OLM of 1  7  8 updated at (0.344842,-0.059872)

OLM of 2  3 updated at (0.344842,-0.059872)

OLM of 2  3  4 updated at (0.344842,-0.059872)

OLM of 3 updated at (0.344842,-0.059872)

OLM of 2  7 updated at (0.344842,-0.059872)

OLM of 3  4 updated at (0.344842,-0.059872)

OLM of 3  7 updated at (0.344842,-0.059872)

OLM of 10 updated at (0.344842,-0.059872)

OLM of 4  7 updated at (0.344842,-0.059872)

OLM of 2  8 updated at (0.344842,-0.059872)

OLM of 2  5  7 updated at (0.344842,-0.059872)

OLM of 3  4  7 updated at (0.344842,-0.059872)

OLM of 1  2 updated at (0.344842,-0.059872)

OLM of 1  2  7 updated at (0.344842,-0.059872)

OLM of 21 updated at (0.344842,-0.059872)

OLM of 5 updated at (0.344842,-0.059872)

OLM of 5  7 updated at (0.344842,-0.059872)

OLM of 13 updated at (0.344842,-0.059872)

OLM of 6  7 updated at (0.344842,-0.059872)

OLM of 1  6  7 updated at (0.344842,-0.059872)

OLM of 2  5  7 updated at (0.344842,-0.059872)

OLM of 6 updated at (0.344842,-0.059872)

OLM of 4  6  7 updated at (0.344842,-0.059872)

OLM of 21 updated at (0.344842,-0.059872)


commentFile =

/home/swadhin/Landmark/landmarkerGSoC/Server/www/data/478//Comments.txt


comments = 

     {}

>> 