/usr/local/MATLAB/R2011a/bin/matlab: 1: /usr/local/MATLAB/R2011a/bin/util/oscheck.sh: /lib64/libc.so.6: not found

                            < M A T L A B (R) >
                  Copyright 1984-2010 The MathWorks, Inc.
                Version 7.12.0.635 (R2011a) 64-bit (glnxa64)
                               March 18, 2011

 
  To get started, type one of these: helpwin, helpdesk, or demo.
  For product information, visit www.mathworks.com.
 
>> /usr/local/MATLAB/R2011a/bin/matlab: 1: /usr/local/MATLAB/R2011a/bin/util/oscheck.sh: /lib64/libc.so.6: not found

                            < M A T L A B (R) >
                  Copyright 1984-2010 The MathWorks, Inc.
                Version 7.12.0.635 (R2011a) 64-bit (glnxa64)
                               March 18, 2011

 
  To get started, type one of these: helpwin, helpdesk, or demo.
  For product information, visit www.mathworks.com.
 
{??? Error using ==> database.fastinsert at 41
Invalid connection.

Error in ==> parsedata at 9
fastinsert(conn,'sample',cols,vals);
} 
>> 