
                            < M A T L A B (R) >
                  Copyright 1984-2012 The MathWorks, Inc.
                    R2012b (8.0.0.783) 64-bit (glnxa64)
                              August 22, 2012

 
To get started, type one of these: helpwin, helpdesk, or demo.
For product information, visit www.mathworks.com.
 

ans =

/home/ananthbalashankar/landmarkerGSoC/Server/www/data/497//SensoSaur_22.17.34.31_8.txt


ans =

/home/ananthbalashankar/landmarkerGSoC/Server/www/data/497//SensoSaur_22.17.34.31_0.txt


ans =

/home/ananthbalashankar/landmarkerGSoC/Server/www/data/497//SensoSaur_22.17.34.31_1.txt


ans =

/home/ananthbalashankar/landmarkerGSoC/Server/www/data/497//SensoSaur_22.17.34.31_10.txt


ans =

/home/ananthbalashankar/landmarkerGSoC/Server/www/data/497//SensoSaur_22.17.34.31_11.txt


ans =

/home/ananthbalashankar/landmarkerGSoC/Server/www/data/497//SensoSaur_22.17.34.31_2.txt


ans =

/home/ananthbalashankar/landmarkerGSoC/Server/www/data/497//SensoSaur_22.17.34.31_7.txt


ans =

/home/ananthbalashankar/landmarkerGSoC/Server/www/data/497//SensoSaur_22.17.34.31_8.txt


ans =

/home/ananthbalashankar/landmarkerGSoC/Server/www/data/497//SensoSaur_22.17.34.31_9.txt


ans =

   5.2431e+14


ans =

        1756           3


ans =

     []

2  3

query =

update landmark set centroidx=-1.500631 ,centroidy=-0.002438,numofpoints=53,confidence=2 where id=1693

2  4

query =

update landmark set centroidx=-0.844465 ,centroidy=0.019185,numofpoints=41,confidence=3 where id=1667

OLM of 3  5 updated at (-1.383826,0.005078)

2  3  4

query =

update landmark set centroidx=-0.900856 ,centroidy=0.007680,numofpoints=53,confidence=2 where id=1685

OLM of 2  3  5 added at (-1.568449,0.000052)

OLM of 3  5  7 added at (-1.411544,0.004992)

3  5  8

query =

update landmark set centroidx=-1.161354 ,centroidy=0.004094,numofpoints=31,confidence=5 where id=1615

2  4

query =

update landmark set centroidx=-1.639965 ,centroidy=0.006429,numofpoints=30,confidence=2 where id=1731

OLM of 1  3  5 updated at (-4.422117,0.005283)

OLM of 3  5 updated at (-4.442898,0.005349)

OLM of 3  5  7 updated at (-4.546567,0.011458)

OLM of 2  3 updated at (-4.507282,0.000238)

OLM of 2  3  4 updated at (-4.553771,0.000241)

OLM of 2  3  5 updated at (-4.472605,0.000234)

OLM of 3  5  8 updated at (-4.651792,0.012490)

2  4

query =

update landmark set centroidx=-2.506463 ,centroidy=0.025972,numofpoints=146,confidence=2 where id=1566

OLM of 2  8 updated at (-6.254223,0.000677)

OLM of 1  2  8 added at (-6.254223,0.000677)

3  7

query =

update landmark set centroidx=-2.078718 ,centroidy=0.063875,numofpoints=119,confidence=2 where id=1565

3  5

query =

update landmark set centroidx=0.363502 ,centroidy=0.460202,numofpoints=81,confidence=2 where id=1743

1  3  5

query =

update landmark set centroidx=3.750599 ,centroidy=0.675013,numofpoints=81,confidence=2 where id=1742

2  3  5

query =

update landmark set centroidx=8.046174 ,centroidy=0.591036,numofpoints=80,confidence=2 where id=1747

OLM of 2  3 updated at (-6.764968,-0.009612)

OLM of 2  4 updated at (-7.134281,0.197406)

OLM of 3  7 updated at (-8.432636,-1.337678)

OLM of 2  4  7 updated at (-8.319672,-1.168671)

2  4  7

query =

update landmark set centroidx=12.859664 ,centroidy=-0.409413,numofpoints=8,confidence=2 where id=1754

OLM of 2  4  8 updated at (-8.746536,-1.358374)

OLM of 2  4  8 updated at (-8.792007,-1.331784)

OLM of 2  3 updated at (-8.850877,-1.191518)

OLM of 2  3  5 updated at (-8.856213,-1.171378)

OLM of 1  2  3 updated at (-8.518427,1.287156)

OLM of 2  3 updated at (-8.430645,1.602481)

OLM of 3  7 updated at (-8.479835,1.584175)

OLM of 2  3  4 updated at (-8.418566,1.755721)


commentFile =

/home/ananthbalashankar/landmarkerGSoC/Server/www/data/497//Comments.txt


comments = 

     {}

>> 