/usr/local/MATLAB/R2011a/bin/matlab: 1: /usr/local/MATLAB/R2011a/bin/util/oscheck.sh: /lib64/libc.so.6: not found

                            < M A T L A B (R) >
                  Copyright 1984-2010 The MathWorks, Inc.
                Version 7.12.0.635 (R2011a) 64-bit (glnxa64)
                               March 18, 2011

 
  To get started, type one of these: helpwin, helpdesk, or demo.
  For product information, visit www.mathworks.com.
 
>> /usr/local/MATLAB/R2011a/bin/matlab: 1: /usr/local/MATLAB/R2011a/bin/util/oscheck.sh: /lib64/libc.so.6: not found

                            < M A T L A B (R) >
                  Copyright 1984-2010 The MathWorks, Inc.
                Version 7.12.0.635 (R2011a) 64-bit (glnxa64)
                               March 18, 2011

 
  To get started, type one of these: helpwin, helpdesk, or demo.
  For product information, visit www.mathworks.com.
 

seeds =

     []


ans =

/home/swadhin/Landmark/landmarkerGSoC/Server/www/data/449//SensoSaur_11.00.56.44_8.txt


ans =

/home/swadhin/Landmark/landmarkerGSoC/Server/www/data/449//SensoSaur_11.00.56.44_0.txt


ans =

/home/swadhin/Landmark/landmarkerGSoC/Server/www/data/449//SensoSaur_11.00.56.44_1.txt


ans =

/home/swadhin/Landmark/landmarkerGSoC/Server/www/data/449//SensoSaur_11.00.56.44_10.txt


ans =

/home/swadhin/Landmark/landmarkerGSoC/Server/www/data/449//SensoSaur_11.00.56.44_11.txt


ans =

/home/swadhin/Landmark/landmarkerGSoC/Server/www/data/449//SensoSaur_11.00.56.44_2.txt


ans =

/home/swadhin/Landmark/landmarkerGSoC/Server/www/data/449//SensoSaur_11.00.56.44_7.txt


ans =

/home/swadhin/Landmark/landmarkerGSoC/Server/www/data/449//SensoSaur_11.00.56.44_8.txt


ans =

/home/swadhin/Landmark/landmarkerGSoC/Server/www/data/449//SensoSaur_11.00.56.44_9.txt


ans =

   2.9472e+14


ans =

   444     3


ans =

     []

OLM of 2  4 updated at (0.628130,0.000120)

OLM of 5  7 added at (-0.189470,-0.000058)

2  4
OLM of 2  4 updated at (-0.437499,-0.000112)

2  7
OLM of 3  7  8 updated at (-0.437499,-0.000112)

7  8
OLM of 1  3  7 added at (-0.437499,-0.000112)

OLM of 1  3  8 updated at (-0.437499,-0.000112)

OLM of 3  8 updated at (-0.437499,-0.000112)

6  7
{??? Undefined function or method 'fetch' for input arguments of type 'struct'.

Error in ==> getStableClusters at 120
                a = fetch(curs);

Error in ==> stabilize at 34
[stable stableFeat newLocation] =
getStableClusters(featcluster,location,timeSlots,stable,stableFeat,conn,dataid,dir_path);
%calculate stable clusters

Error in ==> parsedata at 39
stabilize(file,conn,dataid);
} 
>> 