
                            < M A T L A B (R) >
                  Copyright 1984-2012 The MathWorks, Inc.
                    R2012b (8.0.0.783) 64-bit (glnxa64)
                              August 22, 2012

 
To get started, type one of these: helpwin, helpdesk, or demo.
For product information, visit www.mathworks.com.
 
 
curs =
 
        Attributes: []
              Data: 0
    DatabaseObject: [1x1 database]
          RowLimit: 0
          SQLQuery: [1x59 char]
           Message: []
              Type: 'Database Cursor Object'
         ResultSet: [1x1 org.postgresql.jdbc4.Jdbc4ResultSet]
            Cursor: [1x1 com.mathworks.toolbox.database.sqlExec]
         Statement: [1x1 org.postgresql.jdbc4.Jdbc4Statement]
             Fetch: 0


stable =

   Empty matrix: 1-by-0


ans =

/var/www/data/408//SensoSaur_28.23.27.02_8.txt


ans =

/var/www/data/408//SensoSaur_28.23.27.02_0.txt


ans =

/var/www/data/408//SensoSaur_28.23.27.02_1.txt


ans =

/var/www/data/408//SensoSaur_28.23.27.02_10.txt


ans =

/var/www/data/408//SensoSaur_28.23.27.02_11.txt


ans =

/var/www/data/408//SensoSaur_28.23.27.02_2.txt


ans =

/var/www/data/408//SensoSaur_28.23.27.02_7.txt


ans =

/var/www/data/408//SensoSaur_28.23.27.02_8.txt


ans =

/var/www/data/408//SensoSaur_28.23.27.02_9.txt


ans =

   4.5453e+12


ans =

   290     3


ans =

     []

>> 