#
# A fatal error has been detected by the Java Runtime Environment:
#
#  SIGSEGV (0xb) at pc=0x00007fbbba36f7b0, pid=32358, tid=140444301854464
#
# JRE version: 6.0_27-b27
# Java VM: OpenJDK 64-Bit Server VM (20.0-b12 mixed mode linux-amd64 compressed oops)
# Derivative: IcedTea6 1.12.6
# Distribution: Debian GNU/Linux 7.1 (wheezy), package 6b27-1.12.6-1~deb7u1
# Problematic frame:
# C  0x00007fbbba36f7b0
[error occurred during error reporting (printing problematic frame), id 0xb]

# If you would like to submit a bug report, please include
# instructions how to reproduce the bug and visit:
#   http://icedtea.classpath.org/bugzilla
#

---------------  T H R E A D  ---------------

Current thread is native thread

siginfo:si_signo=SIGSEGV: si_errno=0, si_code=1 (SEGV_MAPERR), si_addr=0x00007fbbba36f7b0

Registers:
RAX=0x00007fbbba36f7b0, RBX=0x0000000000000040, RCX=0x00007fbbbcb90700, RDX=0x00007fbbcc7492a0
RSP=0x00007fbbbcb8fea8, RBP=0x00007fbbcc7492e0, RSI=0x0000000000000000, RDI=0x00000000008fee90
R8 =0x00007fbbcbd9abe0, R9 =0x0000000000000133, R10=0x0000000000000008, R11=0x0000000000000246
R12=0x00007fbbbcb90a10, R13=0x0000000000000000, R14=0x00007fbbcc7492a0, R15=0x0000000000000000
RIP=0x00007fbbba36f7b0, EFLAGS=0x0000000000010202, CSGSFS=0x0000000000000033, ERR=0x0000000000000014
  TRAPNO=0x000000000000000e

Top of Stack: (sp=0x00007fbbbcb8fea8)
0x00007fbbbcb8fea8:   00007fbbcc538139 0000000000000000
0x00007fbbbcb8feb8:   0000000000000000 0000000000000000
0x00007fbbbcb8fec8:   00007fbbccb69fe0 00007fbbbcb909c0
0x00007fbbbcb8fed8:   00007fbbccb85040 0000000000000003
0x00007fbbbcb8fee8:   00007fbbcc538b5e 0000000000000000
0x00007fbbbcb8fef8:   00007fbbbcb90700 0000000000000000
0x00007fbbbcb8ff08:   0000000000000000 0000000000000000
0x00007fbbbcb8ff18:   0000000000000000 0000000000000000
0x00007fbbbcb8ff28:   0000000000000000 0000000000000000
0x00007fbbbcb8ff38:   0000000000000000 0000000000000000
0x00007fbbbcb8ff48:   0000000000000000 0000000000000000
0x00007fbbbcb8ff58:   0000000000000000 0000000000000000
0x00007fbbbcb8ff68:   0000000000000000 0000000000000000
0x00007fbbbcb8ff78:   0000000000000000 00007fbbbcb90700
0x00007fbbbcb8ff88:   769cc2c8c1441bc1 00007fbbccb69fe0
0x00007fbbbcb8ff98:   00007fbbbcb909c0 00007fbbccb85040
0x00007fbbbcb8ffa8:   0000000000000003 89ebbbb93ca41bc1
0x00007fbbbcb8ffb8:   89eb5a6fd7681bc1 0000000000000000
0x00007fbbbcb8ffc8:   0000000000000000 0000000000000000
0x00007fbbbcb8ffd8:   0000000000000000 0000000000000000
0x00007fbbbcb8ffe8:   0000000000000000 00007fbbbcb90700
0x00007fbbbcb8fff8:   00007fbbcbe7aa7d 0000000000000000
0x00007fbbbcb90008:   0000000000000000 0000000000000000
0x00007fbbbcb90018:   0000000000000000 0000000000000000
0x00007fbbbcb90028:   0000000000000000 0000000000000000
0x00007fbbbcb90038:   0000000000000000 0000000000000000
0x00007fbbbcb90048:   0000000000000000 0000000000000000
0x00007fbbbcb90058:   0000000000000000 0000000000000000
0x00007fbbbcb90068:   0000000000000000 0000000000000000
0x00007fbbbcb90078:   0000000000000000 0000000000000000
0x00007fbbbcb90088:   0000000000000000 0000000000000000
0x00007fbbbcb90098:   0000000000000000 0000000000000000 

Instructions: (pc=0x00007fbbba36f7b0)
0x00007fbbba36f790:   
[error occurred during error reporting (printing registers, top of stack, instructions near pc), id 0xb]

Register to memory mapping:

RAX=0x00007fbbba36f7b0 is an unknown value
RBX=0x0000000000000040 is an unknown value
RCX=0x00007fbbbcb90700 is an unknown value
RDX=0x00007fbbcc7492a0: <offset 0x2172a0> in /lib/x86_64-linux-gnu/libpthread.so.0 at 0x00007fbbcc532000
RSP=0x00007fbbbcb8fea8 is an unknown value
RBP=0x00007fbbcc7492e0: <offset 0x2172e0> in /lib/x86_64-linux-gnu/libpthread.so.0 at 0x00007fbbcc532000
RSI=0x0000000000000000 is an unknown value
RDI=0x00000000008fee90 is an unknown value
R8 =0x00007fbbcbd9abe0: <offset 0xbd2be0> in /usr/lib/jvm/java-6-openjdk-amd64/jre/lib/amd64/server/libjvm.so at 0x00007fbbcb1c8000
R9 =0x0000000000000133 is an unknown value
R10=0x0000000000000008 is an unknown value
R11=0x0000000000000246 is an unknown value
R12=0x00007fbbbcb90a10 is an unknown value
R13=0x0000000000000000 is an unknown value
R14=0x00007fbbcc7492a0: <offset 0x2172a0> in /lib/x86_64-linux-gnu/libpthread.so.0 at 0x00007fbbcc532000
R15=0x0000000000000000 is an unknown value


Stack: [0x00007fbbbca90000,0x00007fbbbcb91000],  sp=0x00007fbbbcb8fea8,  free space=1023k
Native frames: (J=compiled Java code, j=interpreted, Vv=VM code, C=native code)
C  0x00007fbbba36f7b0
[error occurred during error reporting (printing native stack), id 0xb]


---------------  P R O C E S S  ---------------

VM state:not at safepoint (normal execution)

VM Mutex/Monitor currently owned by a thread: None

Heap
 PSYoungGen      total 112768K, used 27098K [0x00000007822b0000, 0x000000078a080000, 0x0000000800000000)
  eden space 96704K, 28% used [0x00000007822b0000,0x0000000783d26830,0x0000000788120000)
  from space 16064K, 0% used [0x00000007890d0000,0x00000007890d0000,0x000000078a080000)
  to   space 16064K, 0% used [0x0000000788120000,0x0000000788120000,0x00000007890d0000)
 PSOldGen        total 257728K, used 0K [0x0000000686800000, 0x00000006963b0000, 0x00000007822b0000)
  object space 257728K, 0% used [0x0000000686800000,0x0000000686800000,0x00000006963b0000)
 PSPermGen       total 21248K, used 17597K [0x000000067c200000, 0x000000067d6c0000, 0x0000000686800000)
  object space 21248K, 82% used [0x000000067c200000,0x000000067d32f548,0x000000067d6c0000)

Code Cache  [0x00007fbbc69a2000, 0x00007fbbc6c12000, 0x00007fbbc99a2000)
 total_blobs=546 nmethods=63 adapters=437 free_code_cache=49675712 largest_free_block=11584

Dynamic libraries:
00400000-00409000 r-xp 00000000 fd:20 69211524                           /usr/lib/jvm/java-6-openjdk-amd64/jre/bin/java
00608000-00609000 rw-p 00008000 fd:20 69211524                           /usr/lib/jvm/java-6-openjdk-amd64/jre/bin/java
008c7000-00ea1000 rw-p 00000000 00:00 0                                  [heap]
67c200000-67d6c0000 rw-p 00000000 00:00 0 
67d6c0000-686800000 rw-p 00000000 00:00 0 
686800000-6963b0000 rw-p 00000000 00:00 0 
6963b0000-7822b0000 rw-p 00000000 00:00 0 
7822b0000-78a080000 rw-p 00000000 00:00 0 
78a080000-800000000 rw-p 00000000 00:00 0 
7fbbb79a2000-7fbbb79bc000 r-xp 00000000 fd:20 122892158                  /usr/local/MATLAB/MATLAB_Compiler_Runtime/v80/bin/glnxa64/libtbbmalloc.so.2
7fbbb79bc000-7fbbb7abb000 ---p 0001a000 fd:20 122892158                  /usr/local/MATLAB/MATLAB_Compiler_Runtime/v80/bin/glnxa64/libtbbmalloc.so.2
7fbbb7abb000-7fbbb7abe000 rw-p 00019000 fd:20 122892158                  /usr/local/MATLAB/MATLAB_Compiler_Runtime/v80/bin/glnxa64/libtbbmalloc.so.2
7fbbb7abe000-7fbbb7acb000 rw-p 00000000 00:00 0 
7fbbbbe61000-7fbbbbe6a000 r-xp 00000000 fd:20 122892159                  /usr/local/MATLAB/MATLAB_Compiler_Runtime/v80/bin/glnxa64/libmwcpp11compat.so
7fbbbbe6a000-7fbbbc069000 ---p 00009000 fd:20 122892159                  /usr/local/MATLAB/MATLAB_Compiler_Runtime/v80/bin/glnxa64/libmwcpp11compat.so
7fbbbc069000-7fbbbc06a000 rw-p 00008000 fd:20 122892159                  /usr/local/MATLAB/MATLAB_Compiler_Runtime/v80/bin/glnxa64/libmwcpp11compat.so
7fbbbc06a000-7fbbbc06e000 r-xp 00000000 fd:20 123917511                  /usr/local/MATLAB/MATLAB_Compiler_Runtime/v80/bin/glnxa64/libnativedl.so
7fbbbc06e000-7fbbbc26e000 ---p 00004000 fd:20 123917511                  /usr/local/MATLAB/MATLAB_Compiler_Runtime/v80/bin/glnxa64/libnativedl.so
7fbbbc26e000-7fbbbc26f000 rw-p 00004000 fd:20 123917511                  /usr/local/MATLAB/MATLAB_Compiler_Runtime/v80/bin/glnxa64/libnativedl.so
7fbbbc26f000-7fbbbc272000 rwxp 00000000 00:00 0 
7fbbbc272000-7fbbbc370000 rwxp 00000000 00:00 0 
7fbbbc370000-7fbbbc373000 rwxp 00000000 00:00 0 
7fbbbc373000-7fbbbc572000 rwxp 00000000 00:00 0 
7fbbbc572000-7fbbbc575000 ---p 00000000 00:00 0 
7fbbbc575000-7fbbbc673000 rwxp 00000000 00:00 0 
7fbbbc673000-7fbbbc67b000 r-xp 00000000 fd:20 69211650                   /usr/lib/jvm/java-6-openjdk-amd64/jre/lib/amd64/libnio.so
7fbbbc67b000-7fbbbc87a000 ---p 00008000 fd:20 69211650                   /usr/lib/jvm/java-6-openjdk-amd64/jre/lib/amd64/libnio.so
7fbbbc87a000-7fbbbc87b000 rw-p 00007000 fd:20 69211650                   /usr/lib/jvm/java-6-openjdk-amd64/jre/lib/amd64/libnio.so
7fbbbc87b000-7fbbbc890000 r-xp 00000000 fd:20 69211658                   /usr/lib/jvm/java-6-openjdk-amd64/jre/lib/amd64/libnet.so
7fbbbc890000-7fbbbca8f000 ---p 00015000 fd:20 69211658                   /usr/lib/jvm/java-6-openjdk-amd64/jre/lib/amd64/libnet.so
7fbbbca8f000-7fbbbca90000 rw-p 00014000 fd:20 69211658                   /usr/lib/jvm/java-6-openjdk-amd64/jre/lib/amd64/libnet.so
7fbbbca90000-7fbbbca93000 ---p 00000000 00:00 0 
7fbbbca93000-7fbbbcd93000 rwxp 00000000 00:00 0 
7fbbbcd93000-7fbbbcd98000 r-xp 00000000 fd:20 12709934                   /usr/lib/x86_64-linux-gnu/libXfixes.so.3.1.0
7fbbbcd98000-7fbbbcf97000 ---p 00005000 fd:20 12709934                   /usr/lib/x86_64-linux-gnu/libXfixes.so.3.1.0
7fbbbcf97000-7fbbbcf98000 r--p 00004000 fd:20 12709934                   /usr/lib/x86_64-linux-gnu/libXfixes.so.3.1.0
7fbbbcf98000-7fbbbcf99000 rw-p 00005000 fd:20 12709934                   /usr/lib/x86_64-linux-gnu/libXfixes.so.3.1.0
7fbbbcf99000-7fbbbcfa3000 r-xp 00000000 fd:20 12736516                   /usr/lib/x86_64-linux-gnu/libXcursor.so.1.0.2
7fbbbcfa3000-7fbbbd1a2000 ---p 0000a000 fd:20 12736516                   /usr/lib/x86_64-linux-gnu/libXcursor.so.1.0.2
7fbbbd1a2000-7fbbbd1a3000 rw-p 00009000 fd:20 12736516                   /usr/lib/x86_64-linux-gnu/libXcursor.so.1.0.2
7fbbbd1a3000-7fbbbd2a4000 rwxp 00000000 00:00 0 
7fbbbd2a4000-7fbbbd33d000 r-xp 00000000 fd:20 12662813                   /usr/lib/x86_64-linux-gnu/libfreetype.so.6.8.1
7fbbbd33d000-7fbbbd53c000 ---p 00099000 fd:20 12662813                   /usr/lib/x86_64-linux-gnu/libfreetype.so.6.8.1
7fbbbd53c000-7fbbbd542000 r--p 00098000 fd:20 12662813                   /usr/lib/x86_64-linux-gnu/libfreetype.so.6.8.1
7fbbbd542000-7fbbbd543000 rw-p 0009e000 fd:20 12662813                   /usr/lib/x86_64-linux-gnu/libfreetype.so.6.8.1
7fbbbd543000-7fbbbd58b000 r-xp 00000000 fd:20 69211618                   /usr/lib/jvm/java-6-openjdk-amd64/jre/lib/amd64/libfontmanager.so
7fbbbd58b000-7fbbbd78b000 ---p 00048000 fd:20 69211618                   /usr/lib/jvm/java-6-openjdk-amd64/jre/lib/amd64/libfontmanager.so
7fbbbd78b000-7fbbbd78e000 rw-p 00048000 fd:20 69211618                   /usr/lib/jvm/java-6-openjdk-amd64/jre/lib/amd64/libfontmanager.so
7fbbbd78e000-7fbbbd793000 r-xp 00000000 fd:20 12662838                   /usr/lib/x86_64-linux-gnu/libXdmcp.so.6.0.0
7fbbbd793000-7fbbbd992000 ---p 00005000 fd:20 12662838                   /usr/lib/x86_64-linux-gnu/libXdmcp.so.6.0.0
7fbbbd992000-7fbbbd993000 rw-p 00004000 fd:20 12662838                   /usr/lib/x86_64-linux-gnu/libXdmcp.so.6.0.0
7fbbbd993000-7fbbbd995000 r-xp 00000000 fd:20 12662836                   /usr/lib/x86_64-linux-gnu/libXau.so.6.0.0
7fbbbd995000-7fbbbdb95000 ---p 00002000 fd:20 12662836                   /usr/lib/x86_64-linux-gnu/libXau.so.6.0.0
7fbbbdb95000-7fbbbdb96000 rw-p 00002000 fd:20 12662836                   /usr/lib/x86_64-linux-gnu/libXau.so.6.0.0
7fbbbdb96000-7fbbbdbb5000 r-xp 00000000 fd:20 12662847                   /usr/lib/x86_64-linux-gnu/libxcb.so.1.1.0
7fbbbdbb5000-7fbbbddb4000 ---p 0001f000 fd:20 12662847                   /usr/lib/x86_64-linux-gnu/libxcb.so.1.1.0
7fbbbddb4000-7fbbbddb5000 r--p 0001e000 fd:20 12662847                   /usr/lib/x86_64-linux-gnu/libxcb.so.1.1.0
7fbbbddb5000-7fbbbddb6000 rw-p 0001f000 fd:20 12662847                   /usr/lib/x86_64-linux-gnu/libxcb.so.1.1.0
7fbbbddb6000-7fbbbddc4000 r-xp 00000000 fd:20 12736521                   /usr/lib/x86_64-linux-gnu/libXi.so.6.1.0
7fbbbddc4000-7fbbbdfc4000 ---p 0000e000 fd:20 12736521                   /usr/lib/x86_64-linux-gnu/libXi.so.6.1.0
7fbbbdfc4000-7fbbbdfc5000 rw-p 0000e000 fd:20 12736521                   /usr/lib/x86_64-linux-gnu/libXi.so.6.1.0
7fbbbdfc5000-7fbbbdfca000 r-xp 00000000 fd:20 12859395                   /usr/lib/x86_64-linux-gnu/libXtst.so.6.1.0
7fbbbdfca000-7fbbbe1c9000 ---p 00005000 fd:20 12859395                   /usr/lib/x86_64-linux-gnu/libXtst.so.6.1.0
7fbbbe1c9000-7fbbbe1ca000 rw-p 00004000 fd:20 12859395                   /usr/lib/x86_64-linux-gnu/libXtst.so.6.1.0
7fbbbe1ca000-7fbbbe1d3000 r-xp 00000000 fd:20 12662840                   /usr/lib/x86_64-linux-gnu/libXrender.so.1.3.0
7fbbbe1d3000-7fbbbe3d2000 ---p 00009000 fd:20 12662840                   /usr/lib/x86_64-linux-gnu/libXrender.so.1.3.0
7fbbbe3d2000-7fbbbe3d3000 rw-p 00008000 fd:20 12662840                   /usr/lib/x86_64-linux-gnu/libXrender.so.1.3.0
7fbbbe3d3000-7fbbbe508000 r-xp 00000000 fd:20 12709921                   /usr/lib/x86_64-linux-gnu/libX11.so.6.3.0
7fbbbe508000-7fbbbe708000 ---p 00135000 fd:20 12709921                   /usr/lib/x86_64-linux-gnu/libX11.so.6.3.0
7fbbbe708000-7fbbbe70e000 rw-p 00135000 fd:20 12709921                   /usr/lib/x86_64-linux-gnu/libX11.so.6.3.0
7fbbbe70e000-7fbbbe71f000 r-xp 00000000 fd:20 12709936                   /usr/lib/x86_64-linux-gnu/libXext.so.6.4.0
7fbbbe71f000-7fbbbe91f000 ---p 00011000 fd:20 12709936                   /usr/lib/x86_64-linux-gnu/libXext.so.6.4.0
7fbbbe91f000-7fbbbe920000 rw-p 00011000 fd:20 12709936                   /usr/lib/x86_64-linux-gnu/libXext.so.6.4.0
7fbbbe920000-7fbbbe96d000 r-xp 00000000 fd:20 69211638                   /usr/lib/jvm/java-6-openjdk-amd64/jre/lib/amd64/xawt/libmawt.so
7fbbbe96d000-7fbbbeb6c000 ---p 0004d000 fd:20 69211638                   /usr/lib/jvm/java-6-openjdk-amd64/jre/lib/amd64/xawt/libmawt.so
7fbbbeb6c000-7fbbbeb70000 rw-p 0004c000 fd:20 69211638                   /usr/lib/jvm/java-6-openjdk-amd64/jre/lib/amd64/xawt/libmawt.so
7fbbbeb70000-7fbbbeb71000 rw-p 00000000 00:00 0 
7fbbbeb71000-7fbbbec21000 r-xp 00000000 fd:20 69211628                   /usr/lib/jvm/java-6-openjdk-amd64/jre/lib/amd64/libawt.so
7fbbbec21000-7fbbbee20000 ---p 000b0000 fd:20 69211628                   /usr/lib/jvm/java-6-openjdk-amd64/jre/lib/amd64/libawt.so
7fbbbee20000-7fbbbee2c000 rw-p 000af000 fd:20 69211628                   /usr/lib/jvm/java-6-openjdk-amd64/jre/lib/amd64/libawt.so
7fbbbee2c000-7fbbbee50000 rw-p 00000000 00:00 0 
7fbbbee50000-7fbbbee5c000 r--s 0006a000 fd:20 12711146                   /tmp/jar_cache8828123133485273900.tmp (deleted)
7fbbbee5c000-7fbbbee63000 r--s 000fc000 fd:20 119622251                  /usr/lib/jvm/java-6-openjdk-common/jre/lib/resources.jar
7fbbbee63000-7fbbbee66000 r--s 0007f000 fd:20 119622249                  /usr/lib/jvm/java-6-openjdk-common/jre/lib/jsse.jar
7fbbbee66000-7fbbbee68000 r--s 00308000 fd:20 122427915                  /home/ananthbalashankar/landmarkerGSoC/sensosaur/analytics.jar
7fbbbee68000-7fbbbee69000 r--s 00007000 fd:20 121739335                  /usr/share/java/java-atk-wrapper.jar
7fbbbee69000-7fbbbee6c000 r--s 00031000 fd:20 126097440                  /usr/lib/jvm/java-6-openjdk-common/jre/lib/ext/sunjce_provider.jar
7fbbbee6c000-7fbbbee70000 r--s 00039000 fd:20 126097433                  /usr/lib/jvm/java-6-openjdk-common/jre/lib/ext/sunpkcs11.jar
7fbbbee70000-7fbbbee73000 r--s 00077000 fd:20 126097439                  /usr/lib/jvm/java-6-openjdk-common/jre/lib/ext/localedata.jar
7fbbbee73000-7fbbbee75000 r--s 0000f000 fd:20 126097435                  /usr/lib/jvm/java-6-openjdk-common/jre/lib/ext/pulse-java.jar
7fbbbee75000-7fbbbee77000 r--s 00001000 fd:20 126097441                  /usr/lib/jvm/java-6-openjdk-common/jre/lib/ext/dnsns.jar
7fbbbee77000-7fbbbee79000 r--s 00308000 fd:20 122427915                  /home/ananthbalashankar/landmarkerGSoC/sensosaur/analytics.jar
7fbbbee79000-7fbbbee7a000 ---p 00000000 00:00 0 
7fbbbee7a000-7fbbbf07b000 rwxp 00000000 00:00 0 
7fbbbf07b000-7fbbbf07c000 ---p 00000000 00:00 0 
7fbbbf07c000-7fbbbf17c000 rwxp 00000000 00:00 0 
7fbbbf17c000-7fbbbf17d000 ---p 00000000 00:00 0 
7fbbbf17d000-7fbbbf37e000 rwxp 00000000 00:00 0 
7fbbbf37e000-7fbbbf4f5000 r--p 00000000 fd:20 25544799                   /usr/lib/locale/locale-archive
7fbbbf4f5000-7fbbbf6f7000 rwxp 00000000 00:00 0 
7fbbbf6f7000-7fbbbf6f8000 ---p 00000000 00:00 0 
7fbbbf6f8000-7fbbbf7f8000 rwxp 00000000 00:00 0 
7fbbbf7f8000-7fbbc0000000 rw-p 00000000 00:00 0 
7fbbc0000000-7fbbc03d8000 rw-p 00000000 00:00 0 
7fbbc03d8000-7fbbc4000000 ---p 00000000 00:00 0 
7fbbc4017000-7fbbc401e000 r--s 00000000 fd:20 20981843                   /usr/lib/x86_64-linux-gnu/gconv/gconv-modules.cache
7fbbc401e000-7fbbc4688000 rw-p 00000000 00:00 0 
7fbbc4688000-7fbbc481c000 r--s 03807000 fd:20 69211671                   /usr/lib/jvm/java-6-openjdk-amd64/jre/lib/rt.jar
7fbbc481c000-7fbbc4844000 rw-p 00000000 00:00 0 
7fbbc4844000-7fbbc4845000 ---p 00000000 00:00 0 
7fbbc4845000-7fbbc4945000 rwxp 00000000 00:00 0 
7fbbc4945000-7fbbc4946000 ---p 00000000 00:00 0 
7fbbc4946000-7fbbc4a46000 rwxp 00000000 00:00 0 
7fbbc4a46000-7fbbc4a47000 ---p 00000000 00:00 0 
7fbbc4a47000-7fbbc4b47000 rwxp 00000000 00:00 0 
7fbbc4b47000-7fbbc4b48000 ---p 00000000 00:00 0 
7fbbc4b48000-7fbbc4c48000 rwxp 00000000 00:00 0 
7fbbc4c48000-7fbbc4c49000 ---p 00000000 00:00 0 
7fbbc4c49000-7fbbc4d49000 rwxp 00000000 00:00 0 
7fbbc4d49000-7fbbc4d4a000 ---p 00000000 00:00 0 
7fbbc4d4a000-7fbbc4e4a000 rwxp 00000000 00:00 0 
7fbbc4e4a000-7fbbc4e4b000 ---p 00000000 00:00 0 
7fbbc4e4b000-7fbbc4f4b000 rwxp 00000000 00:00 0 
7fbbc4f4b000-7fbbc4f4c000 ---p 00000000 00:00 0 
7fbbc4f4c000-7fbbc504c000 rwxp 00000000 00:00 0 
7fbbc504c000-7fbbc504d000 ---p 00000000 00:00 0 
7fbbc504d000-7fbbc514d000 rwxp 00000000 00:00 0 
7fbbc514d000-7fbbc514e000 ---p 00000000 00:00 0 
7fbbc514e000-7fbbc524e000 rwxp 00000000 00:00 0 
7fbbc524e000-7fbbc524f000 ---p 00000000 00:00 0 
7fbbc524f000-7fbbc534f000 rwxp 00000000 00:00 0 
7fbbc534f000-7fbbc5350000 ---p 00000000 00:00 0 
7fbbc5350000-7fbbc5450000 rwxp 00000000 00:00 0 
7fbbc5450000-7fbbc5451000 ---p 00000000 00:00 0 
7fbbc5451000-7fbbc5551000 rwxp 00000000 00:00 0 
7fbbc5551000-7fbbc555c000 rw-p 00000000 00:00 0 
7fbbc555c000-7fbbc55a4000 rw-p 00000000 00:00 0 
7fbbc55a4000-7fbbc5622000 rw-p 00000000 00:00 0 
7fbbc5622000-7fbbc5d82000 rw-p 00000000 00:00 0 
7fbbc5d82000-7fbbc5d8d000 rw-p 00000000 00:00 0 
7fbbc5d8d000-7fbbc5dd5000 rw-p 00000000 00:00 0 
7fbbc5dd5000-7fbbc5e53000 rw-p 00000000 00:00 0 
7fbbc5e53000-7fbbc65b2000 rw-p 00000000 00:00 0 
7fbbc65b2000-7fbbc65f2000 rw-p 00000000 00:00 0 
7fbbc65f2000-7fbbc69a1000 rw-p 00000000 00:00 0 
7fbbc69a1000-7fbbc69a2000 rw-p 00000000 00:00 0 
7fbbc69a2000-7fbbc6c12000 rwxp 00000000 00:00 0 
7fbbc6c12000-7fbbc99a2000 rw-p 00000000 00:00 0 
7fbbc99a2000-7fbbc99a9000 r-xp 00000000 fd:20 69211667                   /usr/lib/jvm/java-6-openjdk-amd64/jre/lib/amd64/libzip.so
7fbbc99a9000-7fbbc9ba8000 ---p 00007000 fd:20 69211667                   /usr/lib/jvm/java-6-openjdk-amd64/jre/lib/amd64/libzip.so
7fbbc9ba8000-7fbbc9ba9000 rw-p 00006000 fd:20 69211667                   /usr/lib/jvm/java-6-openjdk-amd64/jre/lib/amd64/libzip.so
7fbbc9ba9000-7fbbc9bb4000 r-xp 00000000 fd:20 8203                       /lib/x86_64-linux-gnu/libnss_files-2.13.so
7fbbc9bb4000-7fbbc9db3000 ---p 0000b000 fd:20 8203                       /lib/x86_64-linux-gnu/libnss_files-2.13.so
7fbbc9db3000-7fbbc9db4000 r--p 0000a000 fd:20 8203                       /lib/x86_64-linux-gnu/libnss_files-2.13.so
7fbbc9db4000-7fbbc9db5000 rw-p 0000b000 fd:20 8203                       /lib/x86_64-linux-gnu/libnss_files-2.13.so
7fbbc9db5000-7fbbc9dbf000 r-xp 00000000 fd:20 14496                      /lib/x86_64-linux-gnu/libnss_nis-2.13.so
7fbbc9dbf000-7fbbc9fbe000 ---p 0000a000 fd:20 14496                      /lib/x86_64-linux-gnu/libnss_nis-2.13.so
7fbbc9fbe000-7fbbc9fbf000 r--p 00009000 fd:20 14496                      /lib/x86_64-linux-gnu/libnss_nis-2.13.so
7fbbc9fbf000-7fbbc9fc0000 rw-p 0000a000 fd:20 14496                      /lib/x86_64-linux-gnu/libnss_nis-2.13.so
7fbbc9fc0000-7fbbc9fc7000 r-xp 00000000 fd:20 14486                      /lib/x86_64-linux-gnu/libnss_compat-2.13.so
7fbbc9fc7000-7fbbca1c6000 ---p 00007000 fd:20 14486                      /lib/x86_64-linux-gnu/libnss_compat-2.13.so
7fbbca1c6000-7fbbca1c7000 r--p 00006000 fd:20 14486                      /lib/x86_64-linux-gnu/libnss_compat-2.13.so
7fbbca1c7000-7fbbca1c8000 rw-p 00007000 fd:20 14486                      /lib/x86_64-linux-gnu/libnss_compat-2.13.so
7fbbca1c8000-7fbbca1dd000 r-xp 00000000 fd:20 14494                      /lib/x86_64-linux-gnu/libnsl-2.13.so
7fbbca1dd000-7fbbca3dc000 ---p 00015000 fd:20 14494                      /lib/x86_64-linux-gnu/libnsl-2.13.so
7fbbca3dc000-7fbbca3dd000 r--p 00014000 fd:20 14494                      /lib/x86_64-linux-gnu/libnsl-2.13.so
7fbbca3dd000-7fbbca3de000 rw-p 00015000 fd:20 14494                      /lib/x86_64-linux-gnu/libnsl-2.13.so
7fbbca3de000-7fbbca3e0000 rw-p 00000000 00:00 0 
7fbbca3e0000-7fbbca40e000 r-xp 00000000 fd:20 69211656                   /usr/lib/jvm/java-6-openjdk-amd64/jre/lib/amd64/libjava.so
7fbbca40e000-7fbbca60d000 ---p 0002e000 fd:20 69211656                   /usr/lib/jvm/java-6-openjdk-amd64/jre/lib/amd64/libjava.so
7fbbca60d000-7fbbca611000 rw-p 0002d000 fd:20 69211656                   /usr/lib/jvm/java-6-openjdk-amd64/jre/lib/amd64/libjava.so
7fbbca611000-7fbbca620000 r-xp 00000000 fd:20 69211625                   /usr/lib/jvm/java-6-openjdk-amd64/jre/lib/amd64/libverify.so
7fbbca620000-7fbbca81f000 ---p 0000f000 fd:20 69211625                   /usr/lib/jvm/java-6-openjdk-amd64/jre/lib/amd64/libverify.so
7fbbca81f000-7fbbca821000 rw-p 0000e000 fd:20 69211625                   /usr/lib/jvm/java-6-openjdk-amd64/jre/lib/amd64/libverify.so
7fbbca821000-7fbbca828000 r-xp 00000000 fd:20 8205                       /lib/x86_64-linux-gnu/librt-2.13.so
7fbbca828000-7fbbcaa27000 ---p 00007000 fd:20 8205                       /lib/x86_64-linux-gnu/librt-2.13.so
7fbbcaa27000-7fbbcaa28000 r--p 00006000 fd:20 8205                       /lib/x86_64-linux-gnu/librt-2.13.so
7fbbcaa28000-7fbbcaa29000 rw-p 00007000 fd:20 8205                       /lib/x86_64-linux-gnu/librt-2.13.so
7fbbcaa29000-7fbbcaa3e000 r-xp 00000000 fd:20 4161                       /lib/x86_64-linux-gnu/libgcc_s.so.1
7fbbcaa3e000-7fbbcac3e000 ---p 00015000 fd:20 4161                       /lib/x86_64-linux-gnu/libgcc_s.so.1
7fbbcac3e000-7fbbcac3f000 rw-p 00015000 fd:20 4161                       /lib/x86_64-linux-gnu/libgcc_s.so.1
7fbbcac3f000-7fbbcacc0000 r-xp 00000000 fd:20 14487                      /lib/x86_64-linux-gnu/libm-2.13.so
7fbbcacc0000-7fbbcaebf000 ---p 00081000 fd:20 14487                      /lib/x86_64-linux-gnu/libm-2.13.so
7fbbcaebf000-7fbbcaec0000 r--p 00080000 fd:20 14487                      /lib/x86_64-linux-gnu/libm-2.13.so
7fbbcaec0000-7fbbcaec1000 rw-p 00081000 fd:20 14487                      /lib/x86_64-linux-gnu/libm-2.13.so
7fbbcaec1000-7fbbcafa9000 r-xp 00000000 fd:20 12591214                   /usr/lib/x86_64-linux-gnu/libstdc++.so.6.0.17
7fbbcafa9000-7fbbcb1a9000 ---p 000e8000 fd:20 12591214                   /usr/lib/x86_64-linux-gnu/libstdc++.so.6.0.17
7fbbcb1a9000-7fbbcb1b1000 r--p 000e8000 fd:20 12591214                   /usr/lib/x86_64-linux-gnu/libstdc++.so.6.0.17
7fbbcb1b1000-7fbbcb1b3000 rw-p 000f0000 fd:20 12591214                   /usr/lib/x86_64-linux-gnu/libstdc++.so.6.0.17
7fbbcb1b3000-7fbbcb1c8000 rw-p 00000000 00:00 0 
7fbbcb1c8000-7fbbcbadc000 r-xp 00000000 fd:20 69211646                   /usr/lib/jvm/java-6-openjdk-amd64/jre/lib/amd64/server/libjvm.so
7fbbcbadc000-7fbbcbcdb000 ---p 00914000 fd:20 69211646                   /usr/lib/jvm/java-6-openjdk-amd64/jre/lib/amd64/server/libjvm.so
7fbbcbcdb000-7fbbcbd77000 rw-p 00913000 fd:20 69211646                   /usr/lib/jvm/java-6-openjdk-amd64/jre/lib/amd64/server/libjvm.so
7fbbcbd77000-7fbbcbda0000 rw-p 00000000 00:00 0 
7fbbcbda0000-7fbbcbf20000 r-xp 00000000 fd:20 14490                      /lib/x86_64-linux-gnu/libc-2.13.so
7fbbcbf20000-7fbbcc120000 ---p 00180000 fd:20 14490                      /lib/x86_64-linux-gnu/libc-2.13.so
7fbbcc120000-7fbbcc124000 r--p 00180000 fd:20 14490                      /lib/x86_64-linux-gnu/libc-2.13.so
7fbbcc124000-7fbbcc125000 rw-p 00184000 fd:20 14490                      /lib/x86_64-linux-gnu/libc-2.13.so
7fbbcc125000-7fbbcc12a000 rw-p 00000000 00:00 0 
7fbbcc12a000-7fbbcc12c000 r-xp 00000000 fd:20 8198                       /lib/x86_64-linux-gnu/libdl-2.13.so
7fbbcc12c000-7fbbcc32c000 ---p 00002000 fd:20 8198                       /lib/x86_64-linux-gnu/libdl-2.13.so
7fbbcc32c000-7fbbcc32d000 r--p 00002000 fd:20 8198                       /lib/x86_64-linux-gnu/libdl-2.13.so
7fbbcc32d000-7fbbcc32e000 rw-p 00003000 fd:20 8198                       /lib/x86_64-linux-gnu/libdl-2.13.so
7fbbcc32e000-7fbbcc332000 r-xp 00000000 fd:20 71316126                   /usr/lib/jvm/java-6-openjdk-amd64/jre/lib/amd64/jli/libjli.so
7fbbcc332000-7fbbcc531000 ---p 00004000 fd:20 71316126                   /usr/lib/jvm/java-6-openjdk-amd64/jre/lib/amd64/jli/libjli.so
7fbbcc531000-7fbbcc532000 rw-p 00003000 fd:20 71316126                   /usr/lib/jvm/java-6-openjdk-amd64/jre/lib/amd64/jli/libjli.so
7fbbcc532000-7fbbcc549000 r-xp 00000000 fd:20 6269                       /lib/x86_64-linux-gnu/libpthread-2.13.so
7fbbcc549000-7fbbcc748000 ---p 00017000 fd:20 6269                       /lib/x86_64-linux-gnu/libpthread-2.13.so
7fbbcc748000-7fbbcc749000 r--p 00016000 fd:20 6269                       /lib/x86_64-linux-gnu/libpthread-2.13.so
7fbbcc749000-7fbbcc74a000 rw-p 00017000 fd:20 6269                       /lib/x86_64-linux-gnu/libpthread-2.13.so
7fbbcc74a000-7fbbcc74e000 rw-p 00000000 00:00 0 
7fbbcc74e000-7fbbcc764000 r-xp 00000000 fd:20 10364                      /lib/x86_64-linux-gnu/libz.so.1.2.7
7fbbcc764000-7fbbcc963000 ---p 00016000 fd:20 10364                      /lib/x86_64-linux-gnu/libz.so.1.2.7
7fbbcc963000-7fbbcc964000 r--p 00015000 fd:20 10364                      /lib/x86_64-linux-gnu/libz.so.1.2.7
7fbbcc964000-7fbbcc965000 rw-p 00016000 fd:20 10364                      /lib/x86_64-linux-gnu/libz.so.1.2.7
7fbbcc965000-7fbbcc985000 r-xp 00000000 fd:20 14493                      /lib/x86_64-linux-gnu/ld-2.13.so
7fbbcc995000-7fbbcc99e000 r--s 00000000 fd:20 125037                     /var/cache/fontconfig/945677eb7aeaf62f1d50efc3fb3ec7d8-le64.cache-3
7fbbcc99e000-7fbbcc9a2000 r--s 00000000 fd:20 75799                      /var/cache/fontconfig/6d41288fd70b0be22e8c3a91e032eec0-le64.cache-3
7fbbcc9a2000-7fbbcc9ab000 r--s 00000000 fd:20 125037                     /var/cache/fontconfig/945677eb7aeaf62f1d50efc3fb3ec7d8-le64.cache-3
7fbbcc9ab000-7fbbcc9b5000 rw-p 00000000 00:00 0 
7fbbcc9b5000-7fbbcca6b000 rw-p 00000000 00:00 0 
7fbbcca6b000-7fbbcca6c000 ---p 00000000 00:00 0 
7fbbcca6c000-7fbbccb6c000 rwxp 00000000 00:00 0 
7fbbccb6c000-7fbbccb71000 rw-p 00000000 00:00 0 
7fbbccb72000-7fbbccb74000 r--s 002a1000 fd:20 12711147                   /tmp/jar_cache7068651663695970277.tmp (deleted)
7fbbccb74000-7fbbccb78000 r--s 00000000 fd:20 75799                      /var/cache/fontconfig/6d41288fd70b0be22e8c3a91e032eec0-le64.cache-3
7fbbccb78000-7fbbccb80000 rw-s 00000000 fd:20 29563749                   /tmp/hsperfdata_ananthbalashankar/32358
7fbbccb80000-7fbbccb81000 rw-p 00000000 00:00 0 
7fbbccb81000-7fbbccb82000 r--p 00000000 00:00 0 
7fbbccb82000-7fbbccb84000 rw-p 00000000 00:00 0 
7fbbccb84000-7fbbccb85000 r--p 0001f000 fd:20 14493                      /lib/x86_64-linux-gnu/ld-2.13.so
7fbbccb85000-7fbbccb86000 rw-p 00020000 fd:20 14493                      /lib/x86_64-linux-gnu/ld-2.13.so
7fbbccb86000-7fbbccb87000 rw-p 00000000 00:00 0 
7fff58e96000-7fff58ec9000 rwxp 00000000 00:00 0                          [stack]
7fff58ec9000-7fff58ecb000 rw-p 00000000 00:00 0 
7fff58f2c000-7fff58f2d000 r-xp 00000000 00:00 0                          [vdso]
ffffffffff600000-ffffffffff601000 r-xp 00000000 00:00 0                  [vsyscall]

VM Arguments:
java_command: analytics.jar
Launcher Type: SUN_STANDARD

Environment Variables:
PATH=/usr/local/bin:/usr/bin:/bin:/usr/local/games:/usr/games:/usr/local/MATLAB/R2012b/bin/
LD_LIBRARY_PATH=/usr/lib/jvm/java-6-openjdk-amd64/jre/lib/amd64/server:/usr/lib/jvm/java-6-openjdk-amd64/jre/lib/amd64:/usr/lib/jvm/java-6-openjdk-amd64/jre/../lib/amd64:/usr/local/MATLAB/MATLAB_Compiler_Runtime/v80/runtime/glnxa64/
SHELL=/bin/bash
DISPLAY=localhost:10.0

Signal Handlers:
SIGSEGV: [libjvm.so+0x791b10], sa_mask[0]=0x7ffbfeff, sa_flags=0x10000004
SIGBUS: [libjvm.so+0x791b10], sa_mask[0]=0x7ffbfeff, sa_flags=0x10000004
SIGFPE: [libjvm.so+0x65ace0], sa_mask[0]=0x7ffbfeff, sa_flags=0x10000004
SIGPIPE: [libjvm.so+0x65ace0], sa_mask[0]=0x7ffbfeff, sa_flags=0x10000004
SIGXFSZ: [libjvm.so+0x65ace0], sa_mask[0]=0x7ffbfeff, sa_flags=0x10000004
SIGILL: [libjvm.so+0x65ace0], sa_mask[0]=0x7ffbfeff, sa_flags=0x10000004
SIGUSR1: SIG_DFL, sa_mask[0]=0x00000000, sa_flags=0x00000000
SIGUSR2: [libjvm.so+0x65aec0], sa_mask[0]=0x00000000, sa_flags=0x10000004
SIGHUP: [libjvm.so+0x65d500], sa_mask[0]=0x7ffbfeff, sa_flags=0x10000004
SIGINT: [libjvm.so+0x65d500], sa_mask[0]=0x7ffbfeff, sa_flags=0x10000004
SIGTERM: [libjvm.so+0x65d500], sa_mask[0]=0x7ffbfeff, sa_flags=0x10000004
SIGQUIT: [libjvm.so+0x65d500], sa_mask[0]=0x7ffbfeff, sa_flags=0x10000004


---------------  S Y S T E M  ---------------

OS:7.1

uname:Linux 3.0.18-vs2.3.2.2-beng #1 SMP Mon Jan 30 20:04:06 GMT 2012 x86_64
libc:glibc 2.13 NPTL 2.13 
rlimit: STACK 8192k, CORE 0k, NPROC 193160, NOFILE 4096, AS infinity
load average:1.59 1.48 1.38

/proc/meminfo:
MemTotal:       24737288 kB
MemFree:         1878520 kB
Buffers:           42796 kB
Cached:         16263608 kB
SwapCached:        95760 kB
Active:         10496292 kB
Inactive:        7853092 kB
Active(anon):    1707120 kB
Inactive(anon):   378872 kB
Active(file):    8789172 kB
Inactive(file):  7474220 kB
Unevictable:           8 kB
Mlocked:               8 kB
SwapTotal:       7995388 kB
SwapFree:        7342580 kB
Dirty:              3504 kB
Writeback:             0 kB
AnonPages:       1963068 kB
Mapped:           153728 kB
Shmem:             43012 kB
Slab:            3484028 kB
SReclaimable:    3171848 kB
SUnreclaim:       312180 kB
KernelStack:        8912 kB
PageTables:        28504 kB
NFS_Unstable:          0 kB
Bounce:                0 kB
WritebackTmp:          0 kB
CommitLimit:    20364032 kB
Committed_AS:    7941868 kB
VmallocTotal:   34359738367 kB
VmallocUsed:      339232 kB
VmallocChunk:   34346643940 kB
AnonHugePages:   1265664 kB
HugePages_Total:       0
HugePages_Free:        0
HugePages_Rsvd:        0
HugePages_Surp:        0
Hugepagesize:       2048 kB
DirectMap4k:        7552 kB
DirectMap2M:     2080768 kB
DirectMap1G:    23068672 kB


CPU:total 16 (4 cores per cpu, 2 threads per core) family 6 model 44 stepping 2, cmov, cx8, fxsr, mmx, sse, sse2, sse3, ssse3, sse4.1, sse4.2, popcnt, ht

Memory: 4k page, physical 24737288k(1878520k free), swap 7995388k(7342580k free)

vm_info: OpenJDK 64-Bit Server VM (20.0-b12) for linux-amd64 JRE (1.6.0_27-b27), built on Jul 12 2013 09:04:12 by "jmm" with gcc 4.7.2

time: Sun Sep 22 19:02:20 2013
elapsed time: 239 seconds

