
                            < M A T L A B (R) >
                  Copyright 1984-2012 The MathWorks, Inc.
                    R2012b (8.0.0.783) 64-bit (glnxa64)
                              August 22, 2012

 
To get started, type one of these: helpwin, helpdesk, or demo.
For product information, visit www.mathworks.com.
 

ans =

/home/ananthbalashankar/landmarkerGSoC/Server/www/data/492//SensoSaur_22.13.06.20_8.txt


ans =

/home/ananthbalashankar/landmarkerGSoC/Server/www/data/492//SensoSaur_22.13.06.20_0.txt


ans =

/home/ananthbalashankar/landmarkerGSoC/Server/www/data/492//SensoSaur_22.13.06.20_1.txt


ans =

/home/ananthbalashankar/landmarkerGSoC/Server/www/data/492//SensoSaur_22.13.06.20_10.txt


ans =

/home/ananthbalashankar/landmarkerGSoC/Server/www/data/492//SensoSaur_22.13.06.20_11.txt


ans =

/home/ananthbalashankar/landmarkerGSoC/Server/www/data/492//SensoSaur_22.13.06.20_2.txt


ans =

/home/ananthbalashankar/landmarkerGSoC/Server/www/data/492//SensoSaur_22.13.06.20_7.txt


ans =

/home/ananthbalashankar/landmarkerGSoC/Server/www/data/492//SensoSaur_22.13.06.20_8.txt


ans =

/home/ananthbalashankar/landmarkerGSoC/Server/www/data/492//SensoSaur_22.13.06.20_9.txt


ans =

   5.0822e+14


ans =

        3044           3


ans =

     []

OLM of 2  4 updated at (-0.455882,0.049380)

OLM of 1  3  5 updated at (-0.639228,0.067278)

OLM of 1  5  8 updated at (-0.572544,0.058174)

OLM of 2  4 updated at (-0.857187,0.094549)

OLM of 3  4 updated at (-1.300870,-0.005238)

OLM of 3  4  5 updated at (-2.430633,-0.409906)

OLM of 2  3  8 added at (-2.289469,-0.326570)

3  4

query =

update landmark set centroidx=-2.129022 ,centroidy=-0.257977,numofpoints=162,confidence=2 where id=1671

OLM of 1  5  8 updated at (-2.520195,-0.403225)

1  3  5

query =

update landmark set centroidx=-1.641654 ,centroidy=-0.121205,numofpoints=143,confidence=2 where id=1668

3  4

query =

update landmark set centroidx=-2.370203 ,centroidy=-0.420826,numofpoints=49,confidence=3 where id=1671

OLM of 1  3  5 updated at (-3.701488,-0.999786)

1  5  8

query =

update landmark set centroidx=-2.266726 ,centroidy=-0.421565,numofpoints=42,confidence=2 where id=1674

OLM of 2  3  8 updated at (-4.086977,-1.236866)

OLM of 3  4 updated at (-22.495135,-24.164175)

OLM of 3  7 updated at (-22.495135,-24.164175)

OLM of 2  3  4 updated at (-22.495135,-24.164175)


commentFile =

/home/ananthbalashankar/landmarkerGSoC/Server/www/data/492//Comments.txt


comments = 

     {}

>> 