/usr/local/MATLAB/R2011a/bin/matlab: 1: /usr/local/MATLAB/R2011a/bin/util/oscheck.sh: /lib64/libc.so.6: not found

                            < M A T L A B (R) >
                  Copyright 1984-2010 The MathWorks, Inc.
                Version 7.12.0.635 (R2011a) 64-bit (glnxa64)
                               March 18, 2011

 
  To get started, type one of these: helpwin, helpdesk, or demo.
  For product information, visit www.mathworks.com.
 
>> /usr/local/MATLAB/R2011a/bin/matlab: 1: /usr/local/MATLAB/R2011a/bin/util/oscheck.sh: /lib64/libc.so.6: not found

                            < M A T L A B (R) >
                  Copyright 1984-2010 The MathWorks, Inc.
                Version 7.12.0.635 (R2011a) 64-bit (glnxa64)
                               March 18, 2011

 
  To get started, type one of these: helpwin, helpdesk, or demo.
  For product information, visit www.mathworks.com.
 

seeds =

     []


ans =

/home/swadhin/Landmark/landmarkerGSoC/Server/www/data/444//SensoSaur_10.23.37.50_8.txt


ans =

/home/swadhin/Landmark/landmarkerGSoC/Server/www/data/444//SensoSaur_10.23.37.50_0.txt


ans =

/home/swadhin/Landmark/landmarkerGSoC/Server/www/data/444//SensoSaur_10.23.37.50_1.txt


ans =

/home/swadhin/Landmark/landmarkerGSoC/Server/www/data/444//SensoSaur_10.23.37.50_10.txt


ans =

/home/swadhin/Landmark/landmarkerGSoC/Server/www/data/444//SensoSaur_10.23.37.50_11.txt


ans =

/home/swadhin/Landmark/landmarkerGSoC/Server/www/data/444//SensoSaur_10.23.37.50_2.txt


ans =

/home/swadhin/Landmark/landmarkerGSoC/Server/www/data/444//SensoSaur_10.23.37.50_7.txt


ans =

/home/swadhin/Landmark/landmarkerGSoC/Server/www/data/444//SensoSaur_10.23.37.50_8.txt


ans =

/home/swadhin/Landmark/landmarkerGSoC/Server/www/data/444//SensoSaur_10.23.37.50_9.txt


ans =

   2.8999e+14


ans =

        1911           3


ans =

     []

OLM of 6  7 added at (-1.256940,0.000128)

OLM of 7  8 added at (-0.700017,0.000056)

OLM of 3  7 added at (-1.084971,0.000076)

OLM of 3  7 updated at (-10.632228,0.003835)

OLM of 7  8 updated at (-10.794661,0.003949)

OLM of 1  4  6 added at (-11.038841,0.004021)

OLM of 3  7 updated at (14.613406,-0.005525)


commentFile =

/home/swadhin/Landmark/landmarkerGSoC/Server/www/data/444//Comments.txt


comments = 

     {}

>> 