
                            < M A T L A B (R) >
                  Copyright 1984-2012 The MathWorks, Inc.
                    R2012b (8.0.0.783) 64-bit (glnxa64)
                              August 22, 2012

 
To get started, type one of these: helpwin, helpdesk, or demo.
For product information, visit www.mathworks.com.
 
 
curs =
 
        Attributes: []
              Data: 0
    DatabaseObject: [1x1 database]
          RowLimit: 0
          SQLQuery: [1x59 char]
           Message: []
              Type: 'Database Cursor Object'
         ResultSet: [1x1 org.postgresql.jdbc4.Jdbc4ResultSet]
            Cursor: [1x1 com.mathworks.toolbox.database.sqlExec]
         Statement: [1x1 org.postgresql.jdbc4.Jdbc4Statement]
             Fetch: 0


seeds =

   1.0e+12 *

    5.1027         0    0.0000         0
    5.1092         0    0.0000         0
    5.1159         0    0.0000         0
    5.1222         0    0.0000         0


ans =

/var/www/data/412//SensoSaur_29.00.05.20_8.txt


ans =

/var/www/data/412//SensoSaur_29.00.05.20_0.txt


ans =

/var/www/data/412//SensoSaur_29.00.05.20_1.txt


ans =

/var/www/data/412//SensoSaur_29.00.05.20_10.txt


ans =

/var/www/data/412//SensoSaur_29.00.05.20_11.txt


ans =

/var/www/data/412//SensoSaur_29.00.05.20_2.txt


ans =

/var/www/data/412//SensoSaur_29.00.05.20_7.txt


ans =

/var/www/data/412//SensoSaur_29.00.05.20_8.txt


ans =

/var/www/data/412//SensoSaur_29.00.05.20_9.txt


ans =

   6.8441e+12


ans =

        3901           3


ans =

     []

OLM of 1  7 added at (-2.403705,0.252019)

OLM of 4  6 added at (-4.880172,0.574509)

1  7
OLM of 1  7 updated at (-8.425499,1.499003)

OLM of 1  7 updated at (-10.233752,2.057705)

OLM of 1  7 updated at (-18.495085,4.270519)

OLM of 1  7 updated at (-18.549774,4.295290)

OLM of 4  6 updated at (-20.248628,4.661103)

OLM of 4  6 updated at (71.260246,-16.286270)


commentFile =

/var/www/data/412//Comments.txt


comments = 

     {}

>> 