/usr/local/MATLAB/R2011a/bin/matlab: 1: /usr/local/MATLAB/R2011a/bin/util/oscheck.sh: /lib64/libc.so.6: not found

                            < M A T L A B (R) >
                  Copyright 1984-2010 The MathWorks, Inc.
                Version 7.12.0.635 (R2011a) 64-bit (glnxa64)
                               March 18, 2011

 
  To get started, type one of these: helpwin, helpdesk, or demo.
  For product information, visit www.mathworks.com.
 
>> /usr/local/MATLAB/R2011a/bin/matlab: 1: /usr/local/MATLAB/R2011a/bin/util/oscheck.sh: /lib64/libc.so.6: not found

                            < M A T L A B (R) >
                  Copyright 1984-2010 The MathWorks, Inc.
                Version 7.12.0.635 (R2011a) 64-bit (glnxa64)
                               March 18, 2011

 
  To get started, type one of these: helpwin, helpdesk, or demo.
  For product information, visit www.mathworks.com.
 
>> /usr/local/MATLAB/R2011a/bin/matlab: 1: /usr/local/MATLAB/R2011a/bin/util/oscheck.sh: /lib64/libc.so.6: not found

                            < M A T L A B (R) >
                  Copyright 1984-2010 The MathWorks, Inc.
                Version 7.12.0.635 (R2011a) 64-bit (glnxa64)
                               March 18, 2011

 
  To get started, type one of these: helpwin, helpdesk, or demo.
  For product information, visit www.mathworks.com.
 

seeds =

     []


ans =

/home/swadhin/Landmark/landmarkerGSoC/Server/www/data/441//SensoSaur_10.23.25.22_8.txt


ans =

/home/swadhin/Landmark/landmarkerGSoC/Server/www/data/441//SensoSaur_10.23.25.22_0.txt


ans =

/home/swadhin/Landmark/landmarkerGSoC/Server/www/data/441//SensoSaur_10.23.25.22_1.txt


ans =

/home/swadhin/Landmark/landmarkerGSoC/Server/www/data/441//SensoSaur_10.23.25.22_10.txt


ans =

/home/swadhin/Landmark/landmarkerGSoC/Server/www/data/441//SensoSaur_10.23.25.22_11.txt


ans =

/home/swadhin/Landmark/landmarkerGSoC/Server/www/data/441//SensoSaur_10.23.25.22_2.txt


ans =

/home/swadhin/Landmark/landmarkerGSoC/Server/www/data/441//SensoSaur_10.23.25.22_7.txt


ans =

/home/swadhin/Landmark/landmarkerGSoC/Server/www/data/441//SensoSaur_10.23.25.22_8.txt


ans =

/home/swadhin/Landmark/landmarkerGSoC/Server/www/data/441//SensoSaur_10.23.25.22_9.txt


ans =

   2.8924e+14


ans =

       14063           3


ans =

     []

{??? Undefined function or variable "featcluster".

Error in ==> stabilize at 34
[stable stableFeat newLocation] =
getStableClusters(featcluster,location,timeSlots,stable,stableFeat,conn,dataid,dir_path);
%calculate stable clusters

Error in ==> parsedata at 39
stabilize(file,conn,dataid);
} 
>> 