
                            < M A T L A B (R) >
                  Copyright 1984-2012 The MathWorks, Inc.
                    R2012b (8.0.0.783) 64-bit (glnxa64)
                              August 22, 2012

 
To get started, type one of these: helpwin, helpdesk, or demo.
For product information, visit www.mathworks.com.
 

seeds =

     []


ans =

/home/ananthbalashankar/landmarkerGSoC/Server/www/data/424//SensoSaur_09.02.10.23_8.txt


ans =

/home/ananthbalashankar/landmarkerGSoC/Server/www/data/424//SensoSaur_09.02.10.23_0.txt


ans =

/home/ananthbalashankar/landmarkerGSoC/Server/www/data/424//SensoSaur_09.02.10.23_1.txt


ans =

/home/ananthbalashankar/landmarkerGSoC/Server/www/data/424//SensoSaur_09.02.10.23_10.txt


ans =

/home/ananthbalashankar/landmarkerGSoC/Server/www/data/424//SensoSaur_09.02.10.23_11.txt


ans =

/home/ananthbalashankar/landmarkerGSoC/Server/www/data/424//SensoSaur_09.02.10.23_2.txt


ans =

/home/ananthbalashankar/landmarkerGSoC/Server/www/data/424//SensoSaur_09.02.10.23_7.txt


ans =

/home/ananthbalashankar/landmarkerGSoC/Server/www/data/424//SensoSaur_09.02.10.23_8.txt


ans =

/home/ananthbalashankar/landmarkerGSoC/Server/www/data/424//SensoSaur_09.02.10.23_9.txt


ans =

   1.9700e+14


ans =

        1033           3


ans =

/home/ananthbalashankar/landmarkerGSoC/Server/www/data/424//SensoSaur_09.02.10.23_4.txt

18
20
6  7
3
20
3
OLM of 2  3 added at (-0.452783,0.000778)

OLM of 2  3  4 added at (-0.438237,0.000744)

3
OLM of 3  5 added at (-0.482423,0.000849)

OLM of 5  6 updated at (-1.157537,0.002504)

6  7
5  8
OLM of 2  6 added at (-0.461695,0.000833)

OLM of 6  8 added at (-0.566440,0.001056)

7  8
OLM of 6  8 updated at (-0.577571,0.001280)

5  6
5  8
2  3  4
OLM of 4  6 added at (-0.833689,0.001714)

5  7
3  7
3
2  6
2  3
OLM of 2  3 updated at (-1.147746,0.002497)

3  5
3
6  7
7  8
6  8
OLM of 5  8 updated at (-1.345472,0.003007)

OLM of 6  8 updated at (-1.556933,0.003457)

4  6
3  7
3
2  3
20
OLM of 2  3 updated at (-1.378845,0.003062)

OLM of 5  6 updated at (-1.707720,0.003808)

3
5  8
2  3
OLM of 7  8 updated at (-1.933863,0.004343)

OLM of 3 updated at (-2.030395,0.004599)

5  8
OLM of 3  5 updated at (-2.390596,0.005511)

OLM of 2  3 updated at (-2.366778,0.005475)

3
OLM of 4  6 updated at (0.930749,-0.002018)

5  6
18
6  7
OLM of 5  8 updated at (2.391401,-0.005346)

6  8
OLM of 7  8 updated at (2.177172,-0.004858)

5  6
6  8
OLM of 2  6 updated at (3.150940,-0.007076)


commentFile =

/home/ananthbalashankar/landmarkerGSoC/Server/www/data/424//Comments.txt


comments = 

     {}

>> 