/usr/local/MATLAB/R2011a/bin/matlab: 1: /usr/local/MATLAB/R2011a/bin/util/oscheck.sh: /lib64/libc.so.6: not found

                            < M A T L A B (R) >
                  Copyright 1984-2010 The MathWorks, Inc.
                Version 7.12.0.635 (R2011a) 64-bit (glnxa64)
                               March 18, 2011

 
  To get started, type one of these: helpwin, helpdesk, or demo.
  For product information, visit www.mathworks.com.
 
>> /usr/local/MATLAB/R2011a/bin/matlab: 1: /usr/local/MATLAB/R2011a/bin/util/oscheck.sh: /lib64/libc.so.6: not found

                            < M A T L A B (R) >
                  Copyright 1984-2010 The MathWorks, Inc.
                Version 7.12.0.635 (R2011a) 64-bit (glnxa64)
                               March 18, 2011

 
  To get started, type one of these: helpwin, helpdesk, or demo.
  For product information, visit www.mathworks.com.
 

seeds =

     []


ans =

/home/swadhin/Landmark/landmarkerGSoC/Server/www/data/442//SensoSaur_10.23.33.45_8.txt


ans =

/home/swadhin/Landmark/landmarkerGSoC/Server/www/data/442//SensoSaur_10.23.33.45_0.txt


ans =

/home/swadhin/Landmark/landmarkerGSoC/Server/www/data/442//SensoSaur_10.23.33.45_1.txt


ans =

/home/swadhin/Landmark/landmarkerGSoC/Server/www/data/442//SensoSaur_10.23.33.45_10.txt


ans =

/home/swadhin/Landmark/landmarkerGSoC/Server/www/data/442//SensoSaur_10.23.33.45_11.txt


ans =

/home/swadhin/Landmark/landmarkerGSoC/Server/www/data/442//SensoSaur_10.23.33.45_2.txt


ans =

/home/swadhin/Landmark/landmarkerGSoC/Server/www/data/442//SensoSaur_10.23.33.45_7.txt


ans =

/home/swadhin/Landmark/landmarkerGSoC/Server/www/data/442//SensoSaur_10.23.33.45_8.txt


ans =

/home/swadhin/Landmark/landmarkerGSoC/Server/www/data/442//SensoSaur_10.23.33.45_9.txt


ans =

   2.8974e+14


ans =

   864     3


ans =

     []

{??? Error using ==> cd
Cannot CD to /home/ananthbalashankar/landmarkerGSoC/Matlab/ (Name is
nonexistent or not a directory).

Error in ==> getClusters at 226
     cd /home/ananthbalashankar/landmarkerGSoC/Matlab/;   %continue--- less
     wifi data

Error in ==> parsedata at 32
[cluster goodness areas dataid] = getClusters(file,userid,dataid);
} 
>> 